"D:/FlyshipProject/Content/AirCraft/Blueprints/Game/BP_MainGameInstance.uasset" 0
"D:/FlyshipProject/Content/AirCraft/Blueprints/Game/BP_MainGameInstance.uexp" 1
"../../../Engine/Content/Functions/Engine_MaterialFunctions01/Opacity/CameraDepthFade.uasset" 2
"../../../Engine/Content/Functions/Engine_MaterialFunctions01/Opacity/CameraDepthFade.uexp" 3
"../../../Engine/Content/EngineMaterials/T_Default_Material_Grid_N.uasset" 4
"../../../Engine/Content/EngineMaterials/T_Default_Material_Grid_N.uexp" 5
"../../../Engine/Content/EngineMaterials/T_Default_Material_Grid_N.ubulk" 6
"../../../Engine/Content/EngineMaterials/T_Default_Material_Grid_M.uasset" 7
"../../../Engine/Content/EngineMaterials/T_Default_Material_Grid_M.uexp" 8
"../../../Engine/Content/EngineMaterials/T_Default_Material_Grid_M.ubulk" 9
"../../../Engine/Content/EngineMaterials/WorldGridMaterial.uasset" 10
"../../../Engine/Content/EngineMaterials/WorldGridMaterial.uexp" 11
"../../../Engine/Content/ArtTools/RenderToTexture/Meshes/S_1_Unit_Plane.uasset" 12
"../../../Engine/Content/ArtTools/RenderToTexture/Meshes/S_1_Unit_Plane.uexp" 13
"../../../Engine/Content/EngineMaterials/DefaultMaterial.uasset" 14
"../../../Engine/Content/EngineMaterials/DefaultMaterial.uexp" 15
"../../../Engine/Content/BasicShapes/Cone.uasset" 16
"../../../Engine/Content/BasicShapes/Cone.uexp" 17
"../../../Engine/Content/BasicShapes/Cube.uasset" 18
"../../../Engine/Content/BasicShapes/Cube.uexp" 19
"../../../Engine/Content/BasicShapes/Sphere.uasset" 20
"../../../Engine/Content/BasicShapes/Sphere.uexp" 21
"../../../Engine/Content/EditorLandscapeResources/DataLayer.uasset" 22
"../../../Engine/Content/EditorLandscapeResources/DataLayer.uexp" 23
"../../../Engine/Content/EditorLandscapeResources/DefaultAlphaTexture.uasset" 24
"../../../Engine/Content/EditorLandscapeResources/DefaultAlphaTexture.uexp" 25
"../../../Engine/Content/EditorMaterials/MAT_Groups_Toggle.uasset" 26
"../../../Engine/Content/EditorMaterials/MAT_Groups_Toggle.uexp" 27
"../../../Engine/Content/EditorMaterials/MAT_Groups_Visibility.uasset" 28
"../../../Engine/Content/EditorMaterials/MAT_Groups_Visibility.uexp" 29
"../../../Engine/Content/EditorMaterials/PreviewShadowIndicator.uasset" 30
"../../../Engine/Content/EditorMaterials/PreviewShadowIndicator.uexp" 31
"../../../Engine/Content/EditorMaterials/PreviewShadowIndicator.ubulk" 32
"../../../Engine/Content/EditorMaterials/PreviewShadowIndicatorMaterial.uasset" 33
"../../../Engine/Content/EditorMaterials/PreviewShadowIndicatorMaterial.uexp" 34
"../../../Engine/Content/EditorMaterials/MatineeGroups/MAT_ColorTrack.uasset" 35
"../../../Engine/Content/EditorMaterials/MatineeGroups/MAT_ColorTrack.uexp" 36
"../../../Engine/Content/EditorMaterials/MatineeGroups/MAT_Groups_Anim.uasset" 37
"../../../Engine/Content/EditorMaterials/MatineeGroups/MAT_Groups_Anim.uexp" 38
"../../../Engine/Content/EditorMaterials/MatineeGroups/MAT_Groups_AudioMaster.uasset" 39
"../../../Engine/Content/EditorMaterials/MatineeGroups/MAT_Groups_AudioMaster.uexp" 40
"../../../Engine/Content/EditorMaterials/MatineeGroups/MAT_Groups_Director.uasset" 41
"../../../Engine/Content/EditorMaterials/MatineeGroups/MAT_Groups_Director.uexp" 42
"../../../Engine/Content/EditorMaterials/MatineeGroups/MAT_Groups_Event.uasset" 43
"../../../Engine/Content/EditorMaterials/MatineeGroups/MAT_Groups_Event.uexp" 44
"../../../Engine/Content/EditorMaterials/MatineeGroups/MAT_Groups_Fade.uasset" 45
"../../../Engine/Content/EditorMaterials/MatineeGroups/MAT_Groups_Fade.uexp" 46
"../../../Engine/Content/EditorMaterials/MatineeGroups/MAT_Groups_Float.uasset" 47
"../../../Engine/Content/EditorMaterials/MatineeGroups/MAT_Groups_Float.uexp" 48
"../../../Engine/Content/EditorMaterials/MatineeGroups/MAT_Groups_Move.uasset" 49
"../../../Engine/Content/EditorMaterials/MatineeGroups/MAT_Groups_Move.uexp" 50
"../../../Engine/Content/EditorMaterials/MatineeGroups/MAT_Groups_Slomo.uasset" 51
"../../../Engine/Content/EditorMaterials/MatineeGroups/MAT_Groups_Slomo.uexp" 52
"../../../Engine/Content/EditorMaterials/MatineeGroups/MAT_Groups_Sound.uasset" 53
"../../../Engine/Content/EditorMaterials/MatineeGroups/MAT_Groups_Sound.uexp" 54
"../../../Engine/Content/EditorMaterials/MatineeGroups/MAT_Groups_Vector.uasset" 55
"../../../Engine/Content/EditorMaterials/MatineeGroups/MAT_Groups_Vector.uexp" 56
"../../../Engine/Content/EditorMaterials/ParticleSystems/PSysThumbnail_NoImage.uasset" 57
"../../../Engine/Content/EditorMaterials/ParticleSystems/PSysThumbnail_NoImage.uexp" 58
"../../../Engine/Content/EditorMaterials/ParticleSystems/PSysThumbnail_NoImage.ubulk" 59
"../../../Engine/Content/EditorMaterials/ParticleSystems/PSysThumbnail_OOD.uasset" 60
"../../../Engine/Content/EditorMaterials/ParticleSystems/PSysThumbnail_OOD.uexp" 61
"../../../Engine/Content/EditorMaterials/ParticleSystems/PSysThumbnail_OOD.ubulk" 62
"../../../Engine/Content/EditorMaterials/Camera/CineMat.uasset" 63
"../../../Engine/Content/EditorMaterials/Camera/CineMat.uexp" 64
"../../../Engine/Content/EditorMaterials/Camera/MI_CineMat_Rig.uasset" 65
"../../../Engine/Content/EditorMaterials/Camera/MI_CineMat_Rig.uexp" 66
"../../../Engine/Content/EditorMeshes/Camera/SM_CraneRig_Arm.uasset" 67
"../../../Engine/Content/EditorMeshes/Camera/SM_CraneRig_Arm.uexp" 68
"../../../Engine/Content/EditorMeshes/Camera/SM_CraneRig_Base.uasset" 69
"../../../Engine/Content/EditorMeshes/Camera/SM_CraneRig_Base.uexp" 70
"../../../Engine/Content/EditorMeshes/Camera/SM_CraneRig_Body.uasset" 71
"../../../Engine/Content/EditorMeshes/Camera/SM_CraneRig_Body.uexp" 72
"../../../Engine/Content/EditorMeshes/Camera/SM_CraneRig_Mount.uasset" 73
"../../../Engine/Content/EditorMeshes/Camera/SM_CraneRig_Mount.uexp" 74
"../../../Engine/Content/EditorMeshes/Camera/SM_RailRig_Mount.uasset" 75
"../../../Engine/Content/EditorMeshes/Camera/SM_RailRig_Mount.uexp" 76
"../../../Engine/Content/EditorMeshes/Camera/SM_RailRig_Track.uasset" 77
"../../../Engine/Content/EditorMeshes/Camera/SM_RailRig_Track.uexp" 78
"../../../Engine/Content/EditorResources/BSPVertex.uasset" 79
"../../../Engine/Content/EditorResources/BSPVertex.uexp" 80
"../../../Engine/Content/EditorResources/EmptyActor.uasset" 81
"../../../Engine/Content/EditorResources/EmptyActor.uexp" 82
"../../../Engine/Content/EditorResources/S_Actor.uasset" 83
"../../../Engine/Content/EditorResources/S_Actor.uexp" 84
"../../../Engine/Content/EditorResources/S_Actor.ubulk" 85
"../../../Engine/Content/EditorResources/S_Note.uasset" 86
"../../../Engine/Content/EditorResources/S_Note.uexp" 87
"../../../Engine/Content/EditorResources/S_Note.ubulk" 88
"../../../Engine/Content/EditorResources/S_Solver.uasset" 89
"../../../Engine/Content/EditorResources/S_Solver.uexp" 90
"../../../Engine/Content/EditorResources/S_Solver.ubulk" 91
"../../../Engine/Content/EditorResources/S_Terrain.uasset" 92
"../../../Engine/Content/EditorResources/S_Terrain.uexp" 93
"../../../Engine/Content/EditorResources/S_Terrain.ubulk" 94
"../../../Engine/Content/EditorResources/S_Trigger.uasset" 95
"../../../Engine/Content/EditorResources/S_Trigger.uexp" 96
"../../../Engine/Content/EditorResources/S_Trigger.ubulk" 97
"../../../Engine/Content/EditorResources/LightIcons/S_LightError.uasset" 98
"../../../Engine/Content/EditorResources/LightIcons/S_LightError.uexp" 99
"../../../Engine/Content/EditorResources/SequenceRecorder/Countdown.uasset" 100
"../../../Engine/Content/EditorResources/SequenceRecorder/Countdown.uexp" 101
"../../../Engine/Content/EditorResources/SequenceRecorder/RecordingIndicator.uasset" 102
"../../../Engine/Content/EditorResources/SequenceRecorder/RecordingIndicator.uexp" 103
"../../../Engine/Content/EngineDamageTypes/DmgTypeBP_Environmental.uasset" 104
"../../../Engine/Content/EngineDamageTypes/DmgTypeBP_Environmental.uexp" 105
"../../../Engine/Content/EngineDebugMaterials/DebugEditorMaterial.uasset" 106
"../../../Engine/Content/EngineDebugMaterials/DebugEditorMaterial.uexp" 107
"../../../Engine/Content/EngineDebugMaterials/DebugMeshMaterial.uasset" 108
"../../../Engine/Content/EngineDebugMaterials/DebugMeshMaterial.uexp" 109
"../../../Engine/Content/EngineDebugMaterials/M_SimpleUnlitTranslucent.uasset" 110
"../../../Engine/Content/EngineDebugMaterials/M_SimpleUnlitTranslucent.uexp" 111
"../../../Engine/Content/EngineDebugMaterials/VolumeToRender.uasset" 112
"../../../Engine/Content/EngineDebugMaterials/VolumeToRender.uexp" 113
"../../../Engine/Content/Functions/Engine_MaterialFunctions02/Utility/CameraDirectionVector.uasset" 114
"../../../Engine/Content/Functions/Engine_MaterialFunctions02/Utility/CameraDirectionVector.uexp" 115
"../../../Engine/Content/EngineDebugMaterials/M_VolumeRenderSphereTracePP.uasset" 116
"../../../Engine/Content/EngineDebugMaterials/M_VolumeRenderSphereTracePP.uexp" 117
"../../../Engine/Content/Functions/Engine_MaterialFunctions01/Shading/ConvertFromDiffSpec.uasset" 118
"../../../Engine/Content/Functions/Engine_MaterialFunctions01/Shading/ConvertFromDiffSpec.uexp" 119
"../../../Engine/Content/EngineDebugMaterials/VertexColorMaterial.uasset" 120
"../../../Engine/Content/EngineDebugMaterials/VertexColorMaterial.uexp" 121
"../../../Engine/Content/EngineDebugMaterials/WireframeMaterial.uasset" 122
"../../../Engine/Content/EngineDebugMaterials/WireframeMaterial.uexp" 123
"../../../Engine/Content/EngineFonts/Faces/RobotoRegular.uasset" 124
"../../../Engine/Content/EngineFonts/Faces/RobotoRegular.uexp" 125
"../../../Engine/Content/EngineFonts/Faces/RobotoRegular.ufont" 126
"../../../Engine/Content/EngineFonts/Faces/RobotoLight.uasset" 127
"../../../Engine/Content/EngineFonts/Faces/RobotoLight.uexp" 128
"../../../Engine/Content/EngineFonts/Faces/RobotoLight.ufont" 129
"../../../Engine/Content/EngineFonts/Faces/RobotoItalic.uasset" 130
"../../../Engine/Content/EngineFonts/Faces/RobotoItalic.uexp" 131
"../../../Engine/Content/EngineFonts/Faces/RobotoItalic.ufont" 132
"../../../Engine/Content/EngineFonts/Faces/RobotoBoldItalic.uasset" 133
"../../../Engine/Content/EngineFonts/Faces/RobotoBoldItalic.uexp" 134
"../../../Engine/Content/EngineFonts/Faces/RobotoBoldItalic.ufont" 135
"../../../Engine/Content/EngineFonts/Faces/RobotoBold.uasset" 136
"../../../Engine/Content/EngineFonts/Faces/RobotoBold.uexp" 137
"../../../Engine/Content/EngineFonts/Faces/RobotoBold.ufont" 138
"../../../Engine/Content/EngineFonts/Faces/DroidSansFallback.uasset" 139
"../../../Engine/Content/EngineFonts/Faces/DroidSansFallback.uexp" 140
"../../../Engine/Content/EngineFonts/Faces/DroidSansFallback.ufont" 141
"../../../Engine/Content/EngineFonts/Roboto.uasset" 142
"../../../Engine/Content/EngineFonts/Roboto.uexp" 143
"../../../Engine/Content/EngineMaterials/BaseFlattenNormalMap.uasset" 144
"../../../Engine/Content/EngineMaterials/BaseFlattenNormalMap.uexp" 145
"../../../Engine/Content/EngineMaterials/BaseFlattenGrayscaleMap.uasset" 146
"../../../Engine/Content/EngineMaterials/BaseFlattenGrayscaleMap.uexp" 147
"../../../Engine/Content/EngineMaterials/BaseFlattenEmissiveMap.uasset" 148
"../../../Engine/Content/EngineMaterials/BaseFlattenEmissiveMap.uexp" 149
"../../../Engine/Content/EngineMaterials/BaseFlattenDiffuseMap.uasset" 150
"../../../Engine/Content/EngineMaterials/BaseFlattenDiffuseMap.uexp" 151
"../../../Engine/Content/EngineMaterials/BaseFlattenMaterial.uasset" 152
"../../../Engine/Content/EngineMaterials/BaseFlattenMaterial.uexp" 153
"../../../Engine/Content/EngineMaterials/BlueNoise.uasset" 154
"../../../Engine/Content/EngineMaterials/BlueNoise.uexp" 155
"../../../Engine/Content/EngineMaterials/DefaultBloomKernel.uasset" 156
"../../../Engine/Content/EngineMaterials/DefaultBloomKernel.uexp" 157
"../../../Engine/Content/EngineMaterials/DefaultBokeh.uasset" 158
"../../../Engine/Content/EngineMaterials/DefaultBokeh.uexp" 159
"../../../Engine/Content/EngineMaterials/DefaultDiffuse.uasset" 160
"../../../Engine/Content/EngineMaterials/DefaultDiffuse.uexp" 161
"../../../Engine/Content/EngineMaterials/DefaultDiffuse.ubulk" 162
"../../../Engine/Content/EngineMaterials/DefaultDeferredDecalMaterial.uasset" 163
"../../../Engine/Content/EngineMaterials/DefaultDeferredDecalMaterial.uexp" 164
"../../../Engine/Content/EngineMaterials/DefaultLightFunctionMaterial.uasset" 165
"../../../Engine/Content/EngineMaterials/DefaultLightFunctionMaterial.uexp" 166
"../../../Engine/Content/Functions/Engine_MaterialFunctions02/Utility/BreakOutFloat2Components.uasset" 167
"../../../Engine/Content/Functions/Engine_MaterialFunctions02/Utility/BreakOutFloat2Components.uexp" 168
"../../../Engine/Content/EngineMaterials/DefaultPostProcessMaterial.uasset" 169
"../../../Engine/Content/EngineMaterials/DefaultPostProcessMaterial.uexp" 170
"../../../Engine/Content/EngineFonts/RobotoDistanceField.uasset" 171
"../../../Engine/Content/EngineFonts/RobotoDistanceField.uexp" 172
"../../../Engine/Content/EngineMaterials/DefaultTextMaterialOpaque.uasset" 173
"../../../Engine/Content/EngineMaterials/DefaultTextMaterialOpaque.uexp" 174
"../../../Engine/Content/EngineMaterials/DefaultWhiteGrid.uasset" 175
"../../../Engine/Content/EngineMaterials/DefaultWhiteGrid.uexp" 176
"../../../Engine/Content/EngineMaterials/DefaultWhiteGrid.ubulk" 177
"../../../Engine/Content/EngineMaterials/DefaultWhiteGrid_Low.uasset" 178
"../../../Engine/Content/EngineMaterials/DefaultWhiteGrid_Low.uexp" 179
"../../../Engine/Content/EngineMaterials/EmissiveMeshMaterial.uasset" 180
"../../../Engine/Content/EngineMaterials/EmissiveMeshMaterial.uexp" 181
"../../../Engine/Content/EngineMaterials/GizmoMaterial.uasset" 182
"../../../Engine/Content/EngineMaterials/GizmoMaterial.uexp" 183
"../../../Engine/Content/EngineMaterials/Good64x64TilingNoiseHighFreq.uasset" 184
"../../../Engine/Content/EngineMaterials/Good64x64TilingNoiseHighFreq.uexp" 185
"../../../Engine/Content/EngineMaterials/MiniFont.uasset" 186
"../../../Engine/Content/EngineMaterials/MiniFont.uexp" 187
"../../../Engine/Content/EngineMaterials/InvalidLightmapSettings.uasset" 188
"../../../Engine/Content/EngineMaterials/InvalidLightmapSettings.uexp" 189
"../../../Engine/Content/EngineMaterials/InvalidLightmapSettings.ubulk" 190
"../../../Engine/Content/EngineMaterials/M_InvalidLightmapSettings.uasset" 191
"../../../Engine/Content/EngineMaterials/M_InvalidLightmapSettings.uexp" 192
"../../../Engine/Content/Functions/Engine_MaterialFunctions02/WorldPositionOffset/CameraOffset.uasset" 193
"../../../Engine/Content/Functions/Engine_MaterialFunctions02/WorldPositionOffset/CameraOffset.uexp" 194
"../../../Engine/Content/EngineMaterials/PhAT_JointLimitMaterial.uasset" 195
"../../../Engine/Content/EngineMaterials/PhAT_JointLimitMaterial.uexp" 196
"../../../Engine/Content/EngineMaterials/DefaultCalibrationColor.uasset" 197
"../../../Engine/Content/EngineMaterials/DefaultCalibrationColor.uexp" 198
"../../../Engine/Content/EngineMaterials/PPM_DefaultCalibrationColor.uasset" 199
"../../../Engine/Content/EngineMaterials/PPM_DefaultCalibrationColor.uexp" 200
"../../../Engine/Content/EngineMaterials/DefaultCalibrationGrayscale.uasset" 201
"../../../Engine/Content/EngineMaterials/DefaultCalibrationGrayscale.uexp" 202
"../../../Engine/Content/EngineMaterials/PPM_DefaultCalibrationGrayscale.uasset" 203
"../../../Engine/Content/EngineMaterials/PPM_DefaultCalibrationGrayscale.uexp" 204
"../../../Engine/Content/EngineMaterials/PreintegratedSkinBRDF.uasset" 205
"../../../Engine/Content/EngineMaterials/PreintegratedSkinBRDF.uexp" 206
"../../../Engine/Content/EngineMaterials/RemoveSurfaceMaterial.uasset" 207
"../../../Engine/Content/EngineMaterials/RemoveSurfaceMaterial.uexp" 208
"../../../Engine/Content/EngineMaterials/WeightMapPlaceholderTexture.uasset" 209
"../../../Engine/Content/EngineMaterials/WeightMapPlaceholderTexture.uexp" 210
"../../../Engine/Content/EngineResources/WhiteSquareTexture.uasset" 211
"../../../Engine/Content/EngineResources/WhiteSquareTexture.uexp" 212
"../../../Engine/Content/EngineMaterials/Widget3DPassThrough.uasset" 213
"../../../Engine/Content/EngineMaterials/Widget3DPassThrough.uexp" 214
"../../../Engine/Content/EngineMaterials/Widget3DPassThrough_Masked.uasset" 215
"../../../Engine/Content/EngineMaterials/Widget3DPassThrough_Masked.uexp" 216
"../../../Engine/Content/EngineMaterials/Widget3DPassThrough_Opaque.uasset" 217
"../../../Engine/Content/EngineMaterials/Widget3DPassThrough_Opaque.uexp" 218
"../../../Engine/Content/EngineMaterials/Widget3DPassThrough_Masked_OneSided.uasset" 219
"../../../Engine/Content/EngineMaterials/Widget3DPassThrough_Masked_OneSided.uexp" 220
"../../../Engine/Content/EngineMaterials/Widget3DPassThrough_Opaque_OneSided.uasset" 221
"../../../Engine/Content/EngineMaterials/Widget3DPassThrough_Opaque_OneSided.uexp" 222
"../../../Engine/Content/EngineMaterials/Widget3DPassThrough_Translucent.uasset" 223
"../../../Engine/Content/EngineMaterials/Widget3DPassThrough_Translucent.uexp" 224
"../../../Engine/Content/EngineMaterials/Widget3DPassThrough_Translucent_OneSided.uasset" 225
"../../../Engine/Content/EngineMaterials/Widget3DPassThrough_Translucent_OneSided.uexp" 226
"../../../Engine/Content/EngineMeshes/Cylinder.uasset" 227
"../../../Engine/Content/EngineMeshes/Cylinder.uexp" 228
"../../../Engine/Content/EngineMeshes/Sphere.uasset" 229
"../../../Engine/Content/EngineMeshes/Sphere.uexp" 230
"../../../Engine/Content/EngineResources/DefaultTexture.uasset" 231
"../../../Engine/Content/EngineResources/DefaultTexture.uexp" 232
"../../../Engine/Content/EngineResources/DefaultTexture.ubulk" 233
"../../../Engine/Content/EngineResources/DefaultTextureCube.uasset" 234
"../../../Engine/Content/EngineResources/DefaultTextureCube.uexp" 235
"../../../Engine/Content/EngineResources/DefaultVolumeTexture2D.uasset" 236
"../../../Engine/Content/EngineResources/DefaultVolumeTexture2D.uexp" 237
"../../../Engine/Content/EngineResources/DefaultVolumeTexture.uasset" 238
"../../../Engine/Content/EngineResources/DefaultVolumeTexture.uexp" 239
"../../../Engine/Content/EngineResources/GradientTexture0.uasset" 240
"../../../Engine/Content/EngineResources/GradientTexture0.uexp" 241
"../../../Engine/Content/EngineSky/VolumetricClouds/T_NoiseShape64.uasset" 242
"../../../Engine/Content/EngineSky/VolumetricClouds/T_NoiseShape64.uexp" 243
"../../../Engine/Content/EngineSky/VolumetricClouds/T_NoiseShape64.ubulk" 244
"../../../Engine/Content/EngineSky/VolumetricClouds/T_VolumeNoiseShape64.uasset" 245
"../../../Engine/Content/EngineSky/VolumetricClouds/T_VolumeNoiseShape64.uexp" 246
"../../../Engine/Content/EngineSky/VolumetricClouds/T_NoiseErosion.uasset" 247
"../../../Engine/Content/EngineSky/VolumetricClouds/T_NoiseErosion.uexp" 248
"../../../Engine/Content/EngineSky/VolumetricClouds/T_NoiseErosion.ubulk" 249
"../../../Engine/Content/EngineSky/VolumetricClouds/T_VolumeNoiseErosion32.uasset" 250
"../../../Engine/Content/EngineSky/VolumetricClouds/T_VolumeNoiseErosion32.uexp" 251
"../../../Engine/Content/EngineSky/VolumetricClouds/CloudWeatherTexture.uasset" 252
"../../../Engine/Content/EngineSky/VolumetricClouds/CloudWeatherTexture.uexp" 253
"../../../Engine/Content/EngineSky/VolumetricClouds/CloudGradientTexture.uasset" 254
"../../../Engine/Content/EngineSky/VolumetricClouds/CloudGradientTexture.uexp" 255
"../../../Engine/Content/Functions/Engine_MaterialFunctions02/Utility/MakeFloat2.uasset" 256
"../../../Engine/Content/Functions/Engine_MaterialFunctions02/Utility/MakeFloat2.uexp" 257
"../../../Engine/Content/EngineSky/VolumetricClouds/m_SimpleVolumetricCloud.uasset" 258
"../../../Engine/Content/EngineSky/VolumetricClouds/m_SimpleVolumetricCloud.uexp" 259
"../../../Engine/Content/EngineSky/VolumetricClouds/m_SimpleVolumetricCloud_Inst.uasset" 260
"../../../Engine/Content/EngineSky/VolumetricClouds/m_SimpleVolumetricCloud_Inst.uexp" 261
"../../../Engine/Content/EngineSounds/Master.uasset" 262
"../../../Engine/Content/EngineSounds/Master.uexp" 263
"../../../Engine/Content/Functions/Engine_MaterialFunctions01/Shading/PowerToRoughness.uasset" 264
"../../../Engine/Content/Functions/Engine_MaterialFunctions01/Shading/PowerToRoughness.uexp" 265
"../../../Engine/Content/Maps/Templates/Thumbnails/Default.uasset" 266
"../../../Engine/Content/Maps/Templates/Thumbnails/Default.uexp" 267
"../../../Engine/Content/Maps/Templates/Thumbnails/TimeOfDay.uasset" 268
"../../../Engine/Content/Maps/Templates/Thumbnails/TimeOfDay.uexp" 269
"../../../Engine/Content/Maps/Templates/Thumbnails/VR-Basic.uasset" 270
"../../../Engine/Content/Maps/Templates/Thumbnails/VR-Basic.uexp" 271
"../../../Engine/Content/MobileResources/T_MobileControls_texture.uasset" 272
"../../../Engine/Content/MobileResources/T_MobileControls_texture.uexp" 273
"../../../Engine/Content/MobileResources/T_MobileMenu2.uasset" 274
"../../../Engine/Content/MobileResources/T_MobileMenu2.uexp" 275
"../../../Engine/Content/MobileResources/HUD/AnalogHat.uasset" 276
"../../../Engine/Content/MobileResources/HUD/AnalogHat.uexp" 277
"../../../Engine/Content/MobileResources/HUD/VirtualJoystick_Thumb.uasset" 278
"../../../Engine/Content/MobileResources/HUD/VirtualJoystick_Thumb.uexp" 279
"../../../Engine/Content/MobileResources/HUD/VirtualJoystick_Background.uasset" 280
"../../../Engine/Content/MobileResources/HUD/VirtualJoystick_Background.uexp" 281
"../../../Engine/Content/MobileResources/HUD/DefaultVirtualJoysticks.uasset" 282
"../../../Engine/Content/MobileResources/HUD/DefaultVirtualJoysticks.uexp" 283
"../../../Engine/Content/MobileResources/HUD/LeftVirtualJoystickOnly.uasset" 284
"../../../Engine/Content/MobileResources/HUD/LeftVirtualJoystickOnly.uexp" 285
"../../../Engine/Content/MobileResources/HUD/MobileHUDButton1_off.uasset" 286
"../../../Engine/Content/MobileResources/HUD/MobileHUDButton1_off.uexp" 287
"../../../Engine/Content/MobileResources/HUD/MobileHUDButton1_on.uasset" 288
"../../../Engine/Content/MobileResources/HUD/MobileHUDButton1_on.uexp" 289
"../../../Engine/Content/MobileResources/HUD/MobileHUDButton2_off.uasset" 290
"../../../Engine/Content/MobileResources/HUD/MobileHUDButton2_off.uexp" 291
"../../../Engine/Content/MobileResources/HUD/MobileHUDButton2_on.uasset" 292
"../../../Engine/Content/MobileResources/HUD/MobileHUDButton2_on.uexp" 293
"../../../Engine/Content/MobileResources/HUD/MobileHUDButton3.uasset" 294
"../../../Engine/Content/MobileResources/HUD/MobileHUDButton3.uexp" 295
"../../../Engine/Content/MobileResources/HUD/MobileHUDButtonFire.uasset" 296
"../../../Engine/Content/MobileResources/HUD/MobileHUDButtonFire.uexp" 297
"../../../Engine/Content/MobileResources/HUD/MobileHUDDirectionPad.uasset" 298
"../../../Engine/Content/MobileResources/HUD/MobileHUDDirectionPad.uexp" 299
"../../../Engine/Content/MobileResources/HUD/MobileHUDDirectionPad2.uasset" 300
"../../../Engine/Content/MobileResources/HUD/MobileHUDDirectionPad2.uexp" 301
"../../../Engine/Content/MobileResources/HUD/MobileHUDDirectionPad3.uasset" 302
"../../../Engine/Content/MobileResources/HUD/MobileHUDDirectionPad3.uexp" 303
"../../../Engine/Content/MobileResources/HUD/MobileHUDDirectionStick.uasset" 304
"../../../Engine/Content/MobileResources/HUD/MobileHUDDirectionStick.uexp" 305
"../../../Engine/Content/MobileResources/HUD/T_Castle_ThumbstickInner.uasset" 306
"../../../Engine/Content/MobileResources/HUD/T_Castle_ThumbstickInner.uexp" 307
"../../../Engine/Content/MobileResources/HUD/T_Castle_ThumbstickOutter.uasset" 308
"../../../Engine/Content/MobileResources/HUD/T_Castle_ThumbstickOutter.uexp" 309
"../../../Engine/Content/Tutorial/ContentIntroCurve.uasset" 310
"../../../Engine/Content/Tutorial/ContentIntroCurve.uexp" 311
"../../../Engine/Content/VREditor/TransformGizmo/TranslucentTransformGizmoMaterial.uasset" 312
"../../../Engine/Content/VREditor/TransformGizmo/TranslucentTransformGizmoMaterial.uexp" 313
"../../../Engine/Content/VREditor/LaserPointer/VR_LaserPower_01.uasset" 314
"../../../Engine/Content/VREditor/LaserPointer/VR_LaserPower_01.uexp" 315
"../../../Engine/Content/VREditor/LaserPointer/VR_LaserPower_01.ubulk" 316
"../../../Engine/Content/VREditor/TransformGizmo/TransformGizmoMaterial.uasset" 317
"../../../Engine/Content/VREditor/TransformGizmo/TransformGizmoMaterial.uexp" 318
"../../../Engine/Content/VREditor/TransformGizmo/BoundingBoxCorner.uasset" 319
"../../../Engine/Content/VREditor/TransformGizmo/BoundingBoxCorner.uexp" 320
"../../../Engine/Content/VREditor/TransformGizmo/BoundingBoxEdge.uasset" 321
"../../../Engine/Content/VREditor/TransformGizmo/BoundingBoxEdge.uexp" 322
"../../../Engine/Content/VREditor/TransformGizmo/PlaneTranslationHandle.uasset" 323
"../../../Engine/Content/VREditor/TransformGizmo/PlaneTranslationHandle.uexp" 324
"../../../Engine/Content/VREditor/TransformGizmo/Xray.uasset" 325
"../../../Engine/Content/VREditor/TransformGizmo/Xray.uexp" 326
"../../../Engine/Content/VREditor/TransformGizmo/Main.uasset" 327
"../../../Engine/Content/VREditor/TransformGizmo/Main.uexp" 328
"../../../Engine/Content/VREditor/TransformGizmo/SM_Sequencer_Key.uasset" 329
"../../../Engine/Content/VREditor/TransformGizmo/SM_Sequencer_Key.uexp" 330
"../../../Engine/Content/VREditor/TransformGizmo/SM_Sequencer_Node.uasset" 331
"../../../Engine/Content/VREditor/TransformGizmo/SM_Sequencer_Node.uexp" 332
"../../../Engine/Plugins/2D/Paper2D/Content/PlaceholderTextures/DummySpriteTexture.uasset" 333
"../../../Engine/Plugins/2D/Paper2D/Content/PlaceholderTextures/DummySpriteTexture.uexp" 334
"../../../Engine/Plugins/2D/Paper2D/Content/PlaceholderTextures/DummySpriteTexture.ubulk" 335
"../../../Engine/Plugins/2D/Paper2D/Content/DummySprite.uasset" 336
"../../../Engine/Plugins/2D/Paper2D/Content/DummySprite.uexp" 337
"../../../Engine/Plugins/2D/Paper2D/Content/DefaultPaperTerrainMaterial.uasset" 338
"../../../Engine/Plugins/2D/Paper2D/Content/DefaultPaperTerrainMaterial.uexp" 339
"../../../Engine/Plugins/2D/Paper2D/Content/DefaultSpriteMaterial.uasset" 340
"../../../Engine/Plugins/2D/Paper2D/Content/DefaultSpriteMaterial.uexp" 341
"../../../Engine/Plugins/2D/Paper2D/Content/MaskedUnlitSpriteMaterial.uasset" 342
"../../../Engine/Plugins/2D/Paper2D/Content/MaskedUnlitSpriteMaterial.uexp" 343
"../../../Engine/Plugins/2D/Paper2D/Content/OpaqueUnlitSpriteMaterial.uasset" 344
"../../../Engine/Plugins/2D/Paper2D/Content/OpaqueUnlitSpriteMaterial.uexp" 345
"../../../Engine/Content/Functions/Engine_MaterialFunctions02/Utility/BreakOutFloat3Components.uasset" 346
"../../../Engine/Content/Functions/Engine_MaterialFunctions02/Utility/BreakOutFloat3Components.uexp" 347
"../../../Engine/Plugins/Editor/SpeedTreeImporter/Content/SpeedTree9/UnpackInteger3.uasset" 348
"../../../Engine/Plugins/Editor/SpeedTreeImporter/Content/SpeedTree9/UnpackInteger3.uexp" 349
"../../../Engine/Plugins/Editor/SpeedTreeImporter/Content/SpeedTree9/UnpackDirection.uasset" 350
"../../../Engine/Plugins/Editor/SpeedTreeImporter/Content/SpeedTree9/UnpackDirection.uexp" 351
"../../../Engine/Plugins/Editor/SpeedTreeImporter/Content/SpeedTree9/game_wind_noise.uasset" 352
"../../../Engine/Plugins/Editor/SpeedTreeImporter/Content/SpeedTree9/game_wind_noise.uexp" 353
"../../../Engine/Plugins/Editor/SpeedTreeImporter/Content/SpeedTree9/game_wind_noise.ubulk" 354
"../../../Engine/Content/Functions/Engine_MaterialFunctions02/SafeNormalize.uasset" 355
"../../../Engine/Content/Functions/Engine_MaterialFunctions02/SafeNormalize.uexp" 356
"../../../Engine/Plugins/Editor/SpeedTreeImporter/Content/SpeedTree9/SpeedTreeWindMotion.uasset" 357
"../../../Engine/Plugins/Editor/SpeedTreeImporter/Content/SpeedTree9/SpeedTreeWindMotion.uexp" 358
"../../../Engine/Plugins/Editor/SpeedTreeImporter/Content/SpeedTree9/SpeedTreeBranchMotion.uasset" 359
"../../../Engine/Plugins/Editor/SpeedTreeImporter/Content/SpeedTree9/SpeedTreeBranchMotion.uexp" 360
"../../../Engine/Content/Functions/Engine_MaterialFunctions02/ObjectLocalBounds.uasset" 361
"../../../Engine/Content/Functions/Engine_MaterialFunctions02/ObjectLocalBounds.uexp" 362
"../../../Engine/Content/Functions/Engine_MaterialFunctions02/UVs/BoundingBoxBased_0-1_UVW.uasset" 363
"../../../Engine/Content/Functions/Engine_MaterialFunctions02/UVs/BoundingBoxBased_0-1_UVW.uexp" 364
"../../../Engine/Content/Functions/Engine_MaterialFunctions02/Utility/VectorLength.uasset" 365
"../../../Engine/Content/Functions/Engine_MaterialFunctions02/Utility/VectorLength.uexp" 366
"../../../Engine/Content/Functions/Engine_MaterialFunctions02/WorldPositionOffset/ObjectScale.uasset" 367
"../../../Engine/Content/Functions/Engine_MaterialFunctions02/WorldPositionOffset/ObjectScale.uexp" 368
"../../../Engine/Plugins/Editor/SpeedTreeImporter/Content/SpeedTree9/SpeedTreeWind.uasset" 369
"../../../Engine/Plugins/Editor/SpeedTreeImporter/Content/SpeedTree9/SpeedTreeWind.uexp" 370
"../../../Engine/Plugins/Editor/SpeedTreeImporter/Content/SpeedTree9/SpeedTreeBillboard.uasset" 371
"../../../Engine/Plugins/Editor/SpeedTreeImporter/Content/SpeedTree9/SpeedTreeBillboard.uexp" 372
"../../../Engine/Plugins/Editor/SpeedTreeImporter/Content/SpeedTree9/EmptyNormal.uasset" 373
"../../../Engine/Plugins/Editor/SpeedTreeImporter/Content/SpeedTree9/EmptyNormal.uexp" 374
"../../../Engine/Plugins/Editor/SpeedTreeImporter/Content/SpeedTree9/Empty.uasset" 375
"../../../Engine/Plugins/Editor/SpeedTreeImporter/Content/SpeedTree9/Empty.uexp" 376
"../../../Engine/Plugins/Editor/SpeedTreeImporter/Content/SpeedTree9/SpeedTreeBillboardMaster.uasset" 377
"../../../Engine/Plugins/Editor/SpeedTreeImporter/Content/SpeedTree9/SpeedTreeBillboardMaster.uexp" 378
"../../../Engine/Plugins/Editor/SpeedTreeImporter/Content/SpeedTree9/SpeedTreeCameraFacing.uasset" 379
"../../../Engine/Plugins/Editor/SpeedTreeImporter/Content/SpeedTree9/SpeedTreeCameraFacing.uexp" 380
"../../../Engine/Plugins/Editor/SpeedTreeImporter/Content/SpeedTree9/SpeedTreeMaster.uasset" 381
"../../../Engine/Plugins/Editor/SpeedTreeImporter/Content/SpeedTree9/SpeedTreeMaster.uexp" 382
"../../../Engine/Content/BasicShapes/Cylinder.uasset" 383
"../../../Engine/Content/BasicShapes/Cylinder.uexp" 384
"../../../Engine/Content/ArtTools/RenderToTexture/Materials/Debug/M_Emissive_Color.uasset" 385
"../../../Engine/Content/ArtTools/RenderToTexture/Materials/Debug/M_Emissive_Color.uexp" 386
"../../../Engine/Plugins/Lumin/MagicLeapPassableWorld/Content/MagicLeapARPinInfoActor.uasset" 387
"../../../Engine/Plugins/Lumin/MagicLeapPassableWorld/Content/MagicLeapARPinInfoActor.uexp" 388
"../../../Engine/Plugins/Experimental/Landmass/Content/Landscape/BlueprintBrushes/MPC/MPC_Landscape.uasset" 389
"../../../Engine/Plugins/Experimental/Landmass/Content/Landscape/BlueprintBrushes/MPC/MPC_Landscape.uexp" 390
"../../../Engine/Plugins/Experimental/Water/Content/Curves/FloatCurve.uasset" 391
"../../../Engine/Plugins/Experimental/Water/Content/Curves/FloatCurve.uexp" 392
"../../../Engine/Plugins/Experimental/Water/Content/Curves/FloatCurve_WaterBodyIsland.uasset" 393
"../../../Engine/Plugins/Experimental/Water/Content/Curves/FloatCurve_WaterBodyIsland.uexp" 394
"../../../Engine/Plugins/Experimental/Water/Content/Icons/WaterBodyCustomSprite.uasset" 395
"../../../Engine/Plugins/Experimental/Water/Content/Icons/WaterBodyCustomSprite.uexp" 396
"../../../Engine/Plugins/Experimental/Water/Content/Icons/WaterBodyExclusionVolumeSprite.uasset" 397
"../../../Engine/Plugins/Experimental/Water/Content/Icons/WaterBodyExclusionVolumeSprite.uexp" 398
"../../../Engine/Plugins/Experimental/Water/Content/Icons/WaterBodyIslandSprite.uasset" 399
"../../../Engine/Plugins/Experimental/Water/Content/Icons/WaterBodyIslandSprite.uexp" 400
"../../../Engine/Plugins/Experimental/Water/Content/Icons/WaterBodyLakeSprite.uasset" 401
"../../../Engine/Plugins/Experimental/Water/Content/Icons/WaterBodyLakeSprite.uexp" 402
"../../../Engine/Plugins/Experimental/Water/Content/Icons/WaterBodyOceanSprite.uasset" 403
"../../../Engine/Plugins/Experimental/Water/Content/Icons/WaterBodyOceanSprite.uexp" 404
"../../../Engine/Plugins/Experimental/Water/Content/Icons/WaterBodyRiverSprite.uasset" 405
"../../../Engine/Plugins/Experimental/Water/Content/Icons/WaterBodyRiverSprite.uexp" 406
"../../../Engine/Plugins/Experimental/Water/Content/Icons/WaterErrorSprite.uasset" 407
"../../../Engine/Plugins/Experimental/Water/Content/Icons/WaterErrorSprite.uexp" 408
"../../../Engine/Plugins/Experimental/Water/Content/Icons/WaterErrorSprite.ubulk" 409
"../../../Engine/Plugins/Experimental/Water/Content/Icons/WaterLandscapeBrushSprite.uasset" 410
"../../../Engine/Plugins/Experimental/Water/Content/Icons/WaterLandscapeBrushSprite.uexp" 411
"../../../Engine/Plugins/Experimental/Water/Content/Icons/WaterLandscapeBrushSprite.ubulk" 412
"../../../Engine/Plugins/Experimental/Water/Content/Icons/WaterMeshActorSprite.uasset" 413
"../../../Engine/Plugins/Experimental/Water/Content/Icons/WaterMeshActorSprite.uexp" 414
"../../../Engine/Plugins/Experimental/Water/Content/Icons/WaterMeshActorSprite.ubulk" 415
"../../../Engine/Plugins/Experimental/Water/Content/Icons/WaterSprite.uasset" 416
"../../../Engine/Plugins/Experimental/Water/Content/Icons/WaterSprite.uexp" 417
"../../../Engine/Plugins/Experimental/Water/Content/Materials/MPC/MPC_Water.uasset" 418
"../../../Engine/Plugins/Experimental/Water/Content/Materials/MPC/MPC_Water.uexp" 419
"../../../Engine/Plugins/Experimental/Water/Content/Meshes/LakeMesh.uasset" 420
"../../../Engine/Plugins/Experimental/Water/Content/Meshes/LakeMesh.uexp" 421
"../../../Engine/Plugins/Experimental/Water/Content/Meshes/RiverMesh.uasset" 422
"../../../Engine/Plugins/Experimental/Water/Content/Meshes/RiverMesh.uexp" 423
"../../../Engine/Plugins/Experimental/Water/Content/Waves/GerstnerWaves_Lake.uasset" 424
"../../../Engine/Plugins/Experimental/Water/Content/Waves/GerstnerWaves_Lake.uexp" 425
"../../../Engine/Plugins/Experimental/Water/Content/Waves/GerstnerWaves_Ocean.uasset" 426
"../../../Engine/Plugins/Experimental/Water/Content/Waves/GerstnerWaves_Ocean.uexp" 427
"../../../Engine/Plugins/Runtime/OpenXR/Content/Devices/GoogleDaydream/MRTexture.uasset" 428
"../../../Engine/Plugins/Runtime/OpenXR/Content/Devices/GoogleDaydream/MRTexture.uexp" 429
"../../../Engine/Plugins/Runtime/OpenXR/Content/Devices/GoogleDaydream/MRTexture.ubulk" 430
"../../../Engine/Plugins/Runtime/OpenXR/Content/Devices/GoogleDaydream/BaseTexture.uasset" 431
"../../../Engine/Plugins/Runtime/OpenXR/Content/Devices/GoogleDaydream/BaseTexture.uexp" 432
"../../../Engine/Plugins/Runtime/OpenXR/Content/Devices/GoogleDaydream/BaseTexture.ubulk" 433
"../../../Engine/Content/EngineResources/Black.uasset" 434
"../../../Engine/Content/EngineResources/Black.uexp" 435
"../../../Engine/Plugins/Runtime/OpenXR/Content/Devices/M_XRController.uasset" 436
"../../../Engine/Plugins/Runtime/OpenXR/Content/Devices/M_XRController.uexp" 437
"../../../Engine/Plugins/Runtime/OpenXR/Content/Devices/GoogleDaydream/MI_GoogleDaydream.uasset" 438
"../../../Engine/Plugins/Runtime/OpenXR/Content/Devices/GoogleDaydream/MI_GoogleDaydream.uexp" 439
"../../../Engine/Plugins/Runtime/OpenXR/Content/Devices/GoogleDaydream/GoogleDaydreamController.uasset" 440
"../../../Engine/Plugins/Runtime/OpenXR/Content/Devices/GoogleDaydream/GoogleDaydreamController.uexp" 441
"../../../Engine/Plugins/Runtime/OpenXR/Content/Devices/HTCVive/BaseTexture.uasset" 442
"../../../Engine/Plugins/Runtime/OpenXR/Content/Devices/HTCVive/BaseTexture.uexp" 443
"../../../Engine/Plugins/Runtime/OpenXR/Content/Devices/HTCVive/BaseTexture.ubulk" 444
"../../../Engine/Plugins/Runtime/OpenXR/Content/Devices/HTCVive/MI_HTCVive.uasset" 445
"../../../Engine/Plugins/Runtime/OpenXR/Content/Devices/HTCVive/MI_HTCVive.uexp" 446
"../../../Engine/Plugins/Runtime/OpenXR/Content/Devices/HTCVive/HTCViveController.uasset" 447
"../../../Engine/Plugins/Runtime/OpenXR/Content/Devices/HTCVive/HTCViveController.uexp" 448
"../../../Engine/Plugins/Runtime/OpenXR/Content/Devices/MicrosoftMixedReality/MRTexture.uasset" 449
"../../../Engine/Plugins/Runtime/OpenXR/Content/Devices/MicrosoftMixedReality/MRTexture.uexp" 450
"../../../Engine/Plugins/Runtime/OpenXR/Content/Devices/MicrosoftMixedReality/MRTexture.ubulk" 451
"../../../Engine/Plugins/Runtime/OpenXR/Content/Devices/MicrosoftMixedReality/EmissiveTexture.uasset" 452
"../../../Engine/Plugins/Runtime/OpenXR/Content/Devices/MicrosoftMixedReality/EmissiveTexture.uexp" 453
"../../../Engine/Plugins/Runtime/OpenXR/Content/Devices/MicrosoftMixedReality/EmissiveTexture.ubulk" 454
"../../../Engine/Plugins/Runtime/OpenXR/Content/Devices/MicrosoftMixedReality/BaseTexture.uasset" 455
"../../../Engine/Plugins/Runtime/OpenXR/Content/Devices/MicrosoftMixedReality/BaseTexture.uexp" 456
"../../../Engine/Plugins/Runtime/OpenXR/Content/Devices/MicrosoftMixedReality/BaseTexture.ubulk" 457
"../../../Engine/Plugins/Runtime/OpenXR/Content/Devices/MicrosoftMixedReality/NormalTexture.uasset" 458
"../../../Engine/Plugins/Runtime/OpenXR/Content/Devices/MicrosoftMixedReality/NormalTexture.uexp" 459
"../../../Engine/Plugins/Runtime/OpenXR/Content/Devices/MicrosoftMixedReality/NormalTexture.ubulk" 460
"../../../Engine/Plugins/Runtime/OpenXR/Content/Devices/MicrosoftMixedReality/MI_MicrosoftMixedReality.uasset" 461
"../../../Engine/Plugins/Runtime/OpenXR/Content/Devices/MicrosoftMixedReality/MI_MicrosoftMixedReality.uexp" 462
"../../../Engine/Plugins/Runtime/OpenXR/Content/Devices/MicrosoftMixedReality/Left/left_MicrosoftMixedRealityController.uasset" 463
"../../../Engine/Plugins/Runtime/OpenXR/Content/Devices/MicrosoftMixedReality/Left/left_MicrosoftMixedRealityController.uexp" 464
"../../../Engine/Plugins/Runtime/OpenXR/Content/Devices/MicrosoftMixedReality/Right/right_MicrosoftMixedRealityController.uasset" 465
"../../../Engine/Plugins/Runtime/OpenXR/Content/Devices/MicrosoftMixedReality/Right/right_MicrosoftMixedRealityController.uexp" 466
"../../../Engine/Plugins/Runtime/OpenXR/Content/Devices/OculusGo/BaseTexture.uasset" 467
"../../../Engine/Plugins/Runtime/OpenXR/Content/Devices/OculusGo/BaseTexture.uexp" 468
"../../../Engine/Plugins/Runtime/OpenXR/Content/Devices/OculusGo/BaseTexture.ubulk" 469
"../../../Engine/Plugins/Runtime/OpenXR/Content/Devices/OculusGo/MI_OculusGo.uasset" 470
"../../../Engine/Plugins/Runtime/OpenXR/Content/Devices/OculusGo/MI_OculusGo.uexp" 471
"../../../Engine/Plugins/Runtime/OpenXR/Content/Devices/OculusGo/OculusGoController.uasset" 472
"../../../Engine/Plugins/Runtime/OpenXR/Content/Devices/OculusGo/OculusGoController.uexp" 473
"../../../Engine/Plugins/Runtime/OpenXR/Content/Devices/OculusTouch/MRTexture.uasset" 474
"../../../Engine/Plugins/Runtime/OpenXR/Content/Devices/OculusTouch/MRTexture.uexp" 475
"../../../Engine/Plugins/Runtime/OpenXR/Content/Devices/OculusTouch/MRTexture.ubulk" 476
"../../../Engine/Plugins/Runtime/OpenXR/Content/Devices/OculusTouch/BaseTexture.uasset" 477
"../../../Engine/Plugins/Runtime/OpenXR/Content/Devices/OculusTouch/BaseTexture.uexp" 478
"../../../Engine/Plugins/Runtime/OpenXR/Content/Devices/OculusTouch/BaseTexture.ubulk" 479
"../../../Engine/Plugins/Runtime/OpenXR/Content/Devices/OculusTouch/MI_OculusTouch.uasset" 480
"../../../Engine/Plugins/Runtime/OpenXR/Content/Devices/OculusTouch/MI_OculusTouch.uexp" 481
"../../../Engine/Plugins/Runtime/OpenXR/Content/Devices/OculusTouch/Left/left_OculusTouchController.uasset" 482
"../../../Engine/Plugins/Runtime/OpenXR/Content/Devices/OculusTouch/Left/left_OculusTouchController.uexp" 483
"../../../Engine/Plugins/Runtime/OpenXR/Content/Devices/OculusTouch/Right/right_OculusTouchController.uasset" 484
"../../../Engine/Plugins/Runtime/OpenXR/Content/Devices/OculusTouch/Right/right_OculusTouchController.uexp" 485
"../../../Engine/Plugins/Runtime/OpenXR/Content/Devices/OculusTouch_v2/MRTexture.uasset" 486
"../../../Engine/Plugins/Runtime/OpenXR/Content/Devices/OculusTouch_v2/MRTexture.uexp" 487
"../../../Engine/Plugins/Runtime/OpenXR/Content/Devices/OculusTouch_v2/MRTexture.ubulk" 488
"../../../Engine/Plugins/Runtime/OpenXR/Content/Devices/OculusTouch_v2/BaseTexture.uasset" 489
"../../../Engine/Plugins/Runtime/OpenXR/Content/Devices/OculusTouch_v2/BaseTexture.uexp" 490
"../../../Engine/Plugins/Runtime/OpenXR/Content/Devices/OculusTouch_v2/BaseTexture.ubulk" 491
"../../../Engine/Plugins/Runtime/OpenXR/Content/Devices/OculusTouch_v2/MI_OculusTouch_v2.uasset" 492
"../../../Engine/Plugins/Runtime/OpenXR/Content/Devices/OculusTouch_v2/MI_OculusTouch_v2.uexp" 493
"../../../Engine/Plugins/Runtime/OpenXR/Content/Devices/OculusTouch_v2/Left/left_OculusTouch_v2Controller.uasset" 494
"../../../Engine/Plugins/Runtime/OpenXR/Content/Devices/OculusTouch_v2/Left/left_OculusTouch_v2Controller.uexp" 495
"../../../Engine/Plugins/Runtime/OpenXR/Content/Devices/OculusTouch_v2/Right/right_OculusTouch_v2Controller.uasset" 496
"../../../Engine/Plugins/Runtime/OpenXR/Content/Devices/OculusTouch_v2/Right/right_OculusTouch_v2Controller.uexp" 497
"../../../Engine/Plugins/Runtime/OpenXR/Content/Devices/OculusTouch_v3/MRTexture.uasset" 498
"../../../Engine/Plugins/Runtime/OpenXR/Content/Devices/OculusTouch_v3/MRTexture.uexp" 499
"../../../Engine/Plugins/Runtime/OpenXR/Content/Devices/OculusTouch_v3/MRTexture.ubulk" 500
"../../../Engine/Plugins/Runtime/OpenXR/Content/Devices/OculusTouch_v3/BaseTexture.uasset" 501
"../../../Engine/Plugins/Runtime/OpenXR/Content/Devices/OculusTouch_v3/BaseTexture.uexp" 502
"../../../Engine/Plugins/Runtime/OpenXR/Content/Devices/OculusTouch_v3/BaseTexture.ubulk" 503
"../../../Engine/Plugins/Runtime/OpenXR/Content/Devices/OculusTouch_v3/MI_OculusTouch_v3.uasset" 504
"../../../Engine/Plugins/Runtime/OpenXR/Content/Devices/OculusTouch_v3/MI_OculusTouch_v3.uexp" 505
"../../../Engine/Plugins/Runtime/OpenXR/Content/Devices/OculusTouch_v3/Left/left_OculusTouch_v3Controller.uasset" 506
"../../../Engine/Plugins/Runtime/OpenXR/Content/Devices/OculusTouch_v3/Left/left_OculusTouch_v3Controller.uexp" 507
"../../../Engine/Plugins/Runtime/OpenXR/Content/Devices/OculusTouch_v3/Right/right_OculusTouch_v3Controller.uasset" 508
"../../../Engine/Plugins/Runtime/OpenXR/Content/Devices/OculusTouch_v3/Right/right_OculusTouch_v3Controller.uexp" 509
"../../../Engine/Plugins/Runtime/OpenXR/Content/Devices/ValveIndex/MRTexture.uasset" 510
"../../../Engine/Plugins/Runtime/OpenXR/Content/Devices/ValveIndex/MRTexture.uexp" 511
"../../../Engine/Plugins/Runtime/OpenXR/Content/Devices/ValveIndex/MRTexture.ubulk" 512
"../../../Engine/Plugins/Runtime/OpenXR/Content/Devices/ValveIndex/BaseTexture.uasset" 513
"../../../Engine/Plugins/Runtime/OpenXR/Content/Devices/ValveIndex/BaseTexture.uexp" 514
"../../../Engine/Plugins/Runtime/OpenXR/Content/Devices/ValveIndex/BaseTexture.ubulk" 515
"../../../Engine/Plugins/Runtime/OpenXR/Content/Devices/ValveIndex/Left/MI_left_ValveIndex.uasset" 516
"../../../Engine/Plugins/Runtime/OpenXR/Content/Devices/ValveIndex/Left/MI_left_ValveIndex.uexp" 517
"../../../Engine/Plugins/Runtime/OpenXR/Content/Devices/ValveIndex/Left/left_ValveIndexController.uasset" 518
"../../../Engine/Plugins/Runtime/OpenXR/Content/Devices/ValveIndex/Left/left_ValveIndexController.uexp" 519
"../../../Engine/Plugins/Runtime/OpenXR/Content/Devices/ValveIndex/Right/MI_right_ValveIndex.uasset" 520
"../../../Engine/Plugins/Runtime/OpenXR/Content/Devices/ValveIndex/Right/MI_right_ValveIndex.uexp" 521
"../../../Engine/Plugins/Runtime/OpenXR/Content/Devices/ValveIndex/Right/right_ValveIndexController.uasset" 522
"../../../Engine/Plugins/Runtime/OpenXR/Content/Devices/ValveIndex/Right/right_ValveIndexController.uexp" 523
"../../../Engine/Content/Functions/Engine_MaterialFunctions02/Utility/MakeFloat3.uasset" 524
"../../../Engine/Content/Functions/Engine_MaterialFunctions02/Utility/MakeFloat3.uexp" 525
"../../../Engine/Content/Functions/Engine_MaterialFunctions02/Utility/BreakOutFloat4Components.uasset" 526
"../../../Engine/Content/Functions/Engine_MaterialFunctions02/Utility/BreakOutFloat4Components.uexp" 527
"../../../Engine/Plugins/Runtime/Oculus/OculusVR/Content/Materials/OculusMR_ChromaKey.uasset" 528
"../../../Engine/Plugins/Runtime/Oculus/OculusVR/Content/Materials/OculusMR_ChromaKey.uexp" 529
"../../../Engine/Plugins/Runtime/Oculus/OculusVR/Content/Materials/OculusMR_OpaqueColoredMaterial.uasset" 530
"../../../Engine/Plugins/Runtime/Oculus/OculusVR/Content/Materials/OculusMR_OpaqueColoredMaterial.uexp" 531
"../../../Engine/Plugins/Runtime/Oculus/OculusVR/Content/Materials/PokeAHoleMaterial.uasset" 532
"../../../Engine/Plugins/Runtime/Oculus/OculusVR/Content/Materials/PokeAHoleMaterial.uexp" 533
"../../../Engine/Plugins/Runtime/Oculus/OculusVR/Content/Textures/touchController_controlmap.uasset" 534
"../../../Engine/Plugins/Runtime/Oculus/OculusVR/Content/Textures/touchController_controlmap.uexp" 535
"../../../Engine/Plugins/Runtime/Oculus/OculusVR/Content/Textures/touchController_controlmap.ubulk" 536
"../../../Engine/Plugins/Runtime/Oculus/OculusVR/Content/Textures/touchController_albedo.uasset" 537
"../../../Engine/Plugins/Runtime/Oculus/OculusVR/Content/Textures/touchController_albedo.uexp" 538
"../../../Engine/Plugins/Runtime/Oculus/OculusVR/Content/Textures/touchController_albedo.ubulk" 539
"../../../Engine/Plugins/Runtime/Oculus/OculusVR/Content/Materials/touchController_mat.uasset" 540
"../../../Engine/Plugins/Runtime/Oculus/OculusVR/Content/Materials/touchController_mat.uexp" 541
"../../../Engine/Plugins/Runtime/Oculus/OculusVR/Content/Meshes/LeftTouchController.uasset" 542
"../../../Engine/Plugins/Runtime/Oculus/OculusVR/Content/Meshes/LeftTouchController.uexp" 543
"../../../Engine/Plugins/Runtime/Oculus/OculusVR/Content/Textures/TouchForQuestRiftSController_albedo.uasset" 544
"../../../Engine/Plugins/Runtime/Oculus/OculusVR/Content/Textures/TouchForQuestRiftSController_albedo.uexp" 545
"../../../Engine/Plugins/Runtime/Oculus/OculusVR/Content/Textures/TouchForQuestRiftSController_albedo.ubulk" 546
"../../../Engine/Plugins/Runtime/Oculus/OculusVR/Content/Materials/TouchForQuestRiftSControllerMaterial.uasset" 547
"../../../Engine/Plugins/Runtime/Oculus/OculusVR/Content/Materials/TouchForQuestRiftSControllerMaterial.uexp" 548
"../../../Engine/Plugins/Runtime/Oculus/OculusVR/Content/Meshes/LeftTouchForQuestRiftSController.uasset" 549
"../../../Engine/Plugins/Runtime/Oculus/OculusVR/Content/Meshes/LeftTouchForQuestRiftSController.uexp" 550
"../../../Engine/Plugins/Runtime/Oculus/OculusVR/Content/Meshes/RiftHMD.uasset" 551
"../../../Engine/Plugins/Runtime/Oculus/OculusVR/Content/Meshes/RiftHMD.uexp" 552
"../../../Engine/Plugins/Runtime/Oculus/OculusVR/Content/Meshes/RightTouchController.uasset" 553
"../../../Engine/Plugins/Runtime/Oculus/OculusVR/Content/Meshes/RightTouchController.uexp" 554
"../../../Engine/Plugins/Runtime/Oculus/OculusVR/Content/Meshes/RightTouchForQuestRiftSController.uasset" 555
"../../../Engine/Plugins/Runtime/Oculus/OculusVR/Content/Meshes/RightTouchForQuestRiftSController.uexp" 556
"D:/FlyshipProject/Content/Geometry/Meshes/CubeMaterial.uasset" 557
"D:/FlyshipProject/Content/Geometry/Meshes/CubeMaterial.uexp" 558
"D:/FlyshipProject/Content/Geometry/Meshes/1M_Cube_Chamfer.uasset" 559
"D:/FlyshipProject/Content/Geometry/Meshes/1M_Cube_Chamfer.uexp" 560
"../../../Engine/Content/EngineSky/T_Sky_Stars.uasset" 561
"../../../Engine/Content/EngineSky/T_Sky_Stars.uexp" 562
"../../../Engine/Content/EngineSky/T_Sky_Stars.ubulk" 563
"../../../Engine/Content/EngineSky/T_Sky_Clouds_M.uasset" 564
"../../../Engine/Content/EngineSky/T_Sky_Clouds_M.uexp" 565
"../../../Engine/Content/EngineSky/T_Sky_Clouds_M.ubulk" 566
"../../../Engine/Content/EngineSky/T_Sky_Blue.uasset" 567
"../../../Engine/Content/EngineSky/T_Sky_Blue.uexp" 568
"../../../Engine/Content/EngineSky/T_Sky_Blue.ubulk" 569
"../../../Engine/Content/EngineMaterials/DefaultPhysicalMaterial.uasset" 570
"../../../Engine/Content/EngineMaterials/DefaultPhysicalMaterial.uexp" 571
"../../../Engine/Content/EngineSky/M_Sky_Panning_Clouds2.uasset" 572
"../../../Engine/Content/EngineSky/M_Sky_Panning_Clouds2.uexp" 573
"../../../Engine/Content/EngineSky/SM_SkySphere.uasset" 574
"../../../Engine/Content/EngineSky/SM_SkySphere.uexp" 575
"../../../Engine/Content/EngineSky/C_Sky_Zenith_Color.uasset" 576
"../../../Engine/Content/EngineSky/C_Sky_Zenith_Color.uexp" 577
"../../../Engine/Content/EngineSky/C_Sky_Horizon_Color.uasset" 578
"../../../Engine/Content/EngineSky/C_Sky_Horizon_Color.uexp" 579
"../../../Engine/Content/EngineSky/C_Sky_Cloud_Color.uasset" 580
"../../../Engine/Content/EngineSky/C_Sky_Cloud_Color.uexp" 581
"../../../Engine/Content/EditorBlueprintResources/StandardMacros.uasset" 582
"../../../Engine/Content/EditorBlueprintResources/StandardMacros.uexp" 583
"../../../Engine/Content/EngineSky/BP_Sky_Sphere.uasset" 584
"../../../Engine/Content/EngineSky/BP_Sky_Sphere.uexp" 585
"D:/FlyshipProject/Content/AirCraft/AircraftHud/Textures/HUDAsset2048Digits.uasset" 586
"D:/FlyshipProject/Content/AirCraft/AircraftHud/Textures/HUDAsset2048Digits.uexp" 587
"D:/FlyshipProject/Content/AirCraft/AircraftHud/Textures/HUDAsset2048Digits.ubulk" 588
"D:/FlyshipProject/Content/AirCraft/AircraftHud/Textures/HUDAsset2048DigitsMask.uasset" 589
"D:/FlyshipProject/Content/AirCraft/AircraftHud/Textures/HUDAsset2048DigitsMask.uexp" 590
"D:/FlyshipProject/Content/AirCraft/AircraftHud/Textures/HUDAsset2048DigitsMask.ubulk" 591
"D:/FlyshipProject/Content/AirCraft/AircraftHud/Material/MF_BumpOffset.uasset" 592
"D:/FlyshipProject/Content/AirCraft/AircraftHud/Material/MF_BumpOffset.uexp" 593
"D:/FlyshipProject/Content/AirCraft/AircraftHud/Material/MF_Digit.uasset" 594
"D:/FlyshipProject/Content/AirCraft/AircraftHud/Material/MF_Digit.uexp" 595
"D:/FlyshipProject/Content/AirCraft/AircraftHud/Material/MF_Digits.uasset" 596
"D:/FlyshipProject/Content/AirCraft/AircraftHud/Material/MF_Digits.uexp" 597
"../../../Engine/Content/Functions/Engine_MaterialFunctions02/Utility/Swizzle.uasset" 598
"../../../Engine/Content/Functions/Engine_MaterialFunctions02/Utility/Swizzle.uexp" 599
"D:/FlyshipProject/Content/AirCraft/AircraftHud/Material/MF_DrawLine.uasset" 600
"D:/FlyshipProject/Content/AirCraft/AircraftHud/Material/MF_DrawLine.uexp" 601
"D:/FlyshipProject/Content/AirCraft/AircraftHud/Textures/HUDAsset2048FlightPath.uasset" 602
"D:/FlyshipProject/Content/AirCraft/AircraftHud/Textures/HUDAsset2048FlightPath.uexp" 603
"D:/FlyshipProject/Content/AirCraft/AircraftHud/Textures/HUDAsset2048FlightPath.ubulk" 604
"D:/FlyshipProject/Content/AirCraft/AircraftHud/Textures/HUDAsset2048Heading.uasset" 605
"D:/FlyshipProject/Content/AirCraft/AircraftHud/Textures/HUDAsset2048Heading.uexp" 606
"D:/FlyshipProject/Content/AirCraft/AircraftHud/Textures/HUDAsset2048Heading.ubulk" 607
"D:/FlyshipProject/Content/AirCraft/AircraftHud/Textures/HUDAsset2048HeadingMask.uasset" 608
"D:/FlyshipProject/Content/AirCraft/AircraftHud/Textures/HUDAsset2048HeadingMask.uexp" 609
"D:/FlyshipProject/Content/AirCraft/AircraftHud/Textures/HUDAsset2048HeadingMask.ubulk" 610
"D:/FlyshipProject/Content/AirCraft/AircraftHud/Textures/HUDAsset2048PitchLadder.uasset" 611
"D:/FlyshipProject/Content/AirCraft/AircraftHud/Textures/HUDAsset2048PitchLadder.uexp" 612
"D:/FlyshipProject/Content/AirCraft/AircraftHud/Textures/HUDAsset2048PitchLadder.ubulk" 613
"D:/FlyshipProject/Content/AirCraft/AircraftHud/Textures/HUDAsset2048PitchLadderMask.uasset" 614
"D:/FlyshipProject/Content/AirCraft/AircraftHud/Textures/HUDAsset2048PitchLadderMask.uexp" 615
"D:/FlyshipProject/Content/AirCraft/AircraftHud/Textures/HUDAsset2048PitchLadderMask.ubulk" 616
"D:/FlyshipProject/Content/AirCraft/AircraftHud/Textures/HUDAsset2048RollMarker.uasset" 617
"D:/FlyshipProject/Content/AirCraft/AircraftHud/Textures/HUDAsset2048RollMarker.uexp" 618
"D:/FlyshipProject/Content/AirCraft/AircraftHud/Textures/HUDAsset2048RollMarker.ubulk" 619
"D:/FlyshipProject/Content/AirCraft/AircraftHud/Textures/HUDAsset2048SkidMarker.uasset" 620
"D:/FlyshipProject/Content/AirCraft/AircraftHud/Textures/HUDAsset2048SkidMarker.uexp" 621
"D:/FlyshipProject/Content/AirCraft/AircraftHud/Textures/HUDAsset2048SkidMarker.ubulk" 622
"D:/FlyshipProject/Content/AirCraft/AircraftHud/Textures/HUDAssets2048HUD.uasset" 623
"D:/FlyshipProject/Content/AirCraft/AircraftHud/Textures/HUDAssets2048HUD.uexp" 624
"D:/FlyshipProject/Content/AirCraft/AircraftHud/Textures/HUDAssets2048HUD.ubulk" 625
"../../../Engine/Content/Functions/Engine_MaterialFunctions02/Texturing/CustomRotator.uasset" 626
"../../../Engine/Content/Functions/Engine_MaterialFunctions02/Texturing/CustomRotator.uexp" 627
"../../../Engine/Content/Functions/Engine_MaterialFunctions02/Utility/MakeFloat4.uasset" 628
"../../../Engine/Content/Functions/Engine_MaterialFunctions02/Utility/MakeFloat4.uexp" 629
"D:/FlyshipProject/Content/AirCraft/AircraftHud/Material/M_Hud.uasset" 630
"D:/FlyshipProject/Content/AirCraft/AircraftHud/Material/M_Hud.uexp" 631
"D:/FlyshipProject/Content/AirCraft/AircraftHud/Material/MI_Hud_Flat_Masked_Large.uasset" 632
"D:/FlyshipProject/Content/AirCraft/AircraftHud/Material/MI_Hud_Flat_Masked_Large.uexp" 633
"../../../Engine/Content/BasicShapes/Plane.uasset" 634
"../../../Engine/Content/BasicShapes/Plane.uexp" 635
"D:/FlyshipProject/Content/AirCraft/AircraftHud/Blueprints/BP_HudMesh.uasset" 636
"D:/FlyshipProject/Content/AirCraft/AircraftHud/Blueprints/BP_HudMesh.uexp" 637
"D:/FlyshipProject/Content/AirCraft/Blueprints/AircraftPanels/Indicator.uasset" 638
"D:/FlyshipProject/Content/AirCraft/Blueprints/AircraftPanels/Indicator.uexp" 639
"D:/FlyshipProject/Content/AirCraft/Blueprints/Widgets/Images/IAS/airspeed_markings.uasset" 640
"D:/FlyshipProject/Content/AirCraft/Blueprints/Widgets/Images/IAS/airspeed_markings.uexp" 641
"D:/FlyshipProject/Content/AirCraft/Blueprints/Widgets/Images/IAS/airspeed_hand.uasset" 642
"D:/FlyshipProject/Content/AirCraft/Blueprints/Widgets/Images/IAS/airspeed_hand.uexp" 643
"D:/FlyshipProject/Content/AirCraft/Blueprints/Widgets/Images/IAS/airspeed_Mat.uasset" 644
"D:/FlyshipProject/Content/AirCraft/Blueprints/Widgets/Images/IAS/airspeed_Mat.uexp" 645
"D:/FlyshipProject/Content/AirCraft/Blueprints/AircraftPanels/IASIndicator.uasset" 646
"D:/FlyshipProject/Content/AirCraft/Blueprints/AircraftPanels/IASIndicator.uexp" 647
"D:/FlyshipProject/Content/AirCraft/Blueprints/Widgets/Images/VerticalSpeedIndicator/vario_markings.uasset" 648
"D:/FlyshipProject/Content/AirCraft/Blueprints/Widgets/Images/VerticalSpeedIndicator/vario_markings.uexp" 649
"D:/FlyshipProject/Content/AirCraft/Blueprints/Widgets/Images/VerticalSpeedIndicator/vario_hand.uasset" 650
"D:/FlyshipProject/Content/AirCraft/Blueprints/Widgets/Images/VerticalSpeedIndicator/vario_hand.uexp" 651
"D:/FlyshipProject/Content/AirCraft/Blueprints/Widgets/Images/VerticalSpeedIndicator/vario_markings_Mat.uasset" 652
"D:/FlyshipProject/Content/AirCraft/Blueprints/Widgets/Images/VerticalSpeedIndicator/vario_markings_Mat.uexp" 653
"D:/FlyshipProject/Content/AirCraft/Blueprints/AircraftPanels/VerticalSpeedIndicator.uasset" 654
"D:/FlyshipProject/Content/AirCraft/Blueprints/AircraftPanels/VerticalSpeedIndicator.uexp" 655
"D:/FlyshipProject/Content/VigilanteContent/Vehicles/West_Attack_A10/SKEL_West_Attack_A10.uasset" 656
"D:/FlyshipProject/Content/VigilanteContent/Vehicles/West_Attack_A10/SKEL_West_Attack_A10.uexp" 657
"../../../Engine/Content/Animation/DefaultAnimCurveCompressionSettings.uasset" 658
"../../../Engine/Content/Animation/DefaultAnimCurveCompressionSettings.uexp" 659
"../../../Engine/Content/Animation/DefaultAnimBoneCompressionSettings.uasset" 660
"../../../Engine/Content/Animation/DefaultAnimBoneCompressionSettings.uexp" 661
"D:/FlyshipProject/Content/VigilanteContent/Vehicles/West_Attack_A10/Anim/A_West_Attack_A10_rt_rear_wheel_close.uasset" 662
"D:/FlyshipProject/Content/VigilanteContent/Vehicles/West_Attack_A10/Anim/A_West_Attack_A10_rt_rear_wheel_close.uexp" 663
"D:/FlyshipProject/Content/VigilanteContent/Vehicles/West_Attack_A10/Anim/A_West_Attack_A10_lf_rear_wheel_close.uasset" 664
"D:/FlyshipProject/Content/VigilanteContent/Vehicles/West_Attack_A10/Anim/A_West_Attack_A10_lf_rear_wheel_close.uexp" 665
"D:/FlyshipProject/Content/VigilanteContent/Vehicles/West_Attack_A10/Anim/A_West_Attack_A10_front_wheel_close.uasset" 666
"D:/FlyshipProject/Content/VigilanteContent/Vehicles/West_Attack_A10/Anim/A_West_Attack_A10_front_wheel_close.uexp" 667
"D:/FlyshipProject/Content/VigilanteContent/Vehicles/West_Attack_A10/BPA_West_Attack_A10.uasset" 668
"D:/FlyshipProject/Content/VigilanteContent/Vehicles/West_Attack_A10/BPA_West_Attack_A10.uexp" 669
"../../../Engine/Content/EditorBlueprintResources/ActorMacros.uasset" 670
"../../../Engine/Content/EditorBlueprintResources/ActorMacros.uexp" 671
"D:/FlyshipProject/Content/AirCraft/Blueprints/Aircrafts/BP_Aircraft.uasset" 672
"D:/FlyshipProject/Content/AirCraft/Blueprints/Aircrafts/BP_Aircraft.uexp" 673
"D:/FlyshipProject/Content/AirCraft/Blueprints/Wheels/BP_Wheel.uasset" 674
"D:/FlyshipProject/Content/AirCraft/Blueprints/Wheels/BP_Wheel.uexp" 675
"D:/FlyshipProject/Content/AirCraft/Blueprints/Wheels/BP_A10_FWheel.uasset" 676
"D:/FlyshipProject/Content/AirCraft/Blueprints/Wheels/BP_A10_FWheel.uexp" 677
"D:/FlyshipProject/Content/StarterContent/Textures/T_Water_N.uasset" 678
"D:/FlyshipProject/Content/StarterContent/Textures/T_Water_N.uexp" 679
"D:/FlyshipProject/Content/StarterContent/Textures/T_Water_N.ubulk" 680
"D:/FlyshipProject/Content/AirCraft/Materials/Distortion_Mat.uasset" 681
"D:/FlyshipProject/Content/AirCraft/Materials/Distortion_Mat.uexp" 682
"../../../Engine/Plugins/FX/Niagara/Content/Functions/Emitter/EmitterChangeState.uasset" 683
"../../../Engine/Plugins/FX/Niagara/Content/Functions/Emitter/EmitterChangeState.uexp" 684
"../../../Engine/Plugins/FX/Niagara/Content/Enums/ENiagaraExecutionStateManagement.uasset" 685
"../../../Engine/Plugins/FX/Niagara/Content/Enums/ENiagaraExecutionStateManagement.uexp" 686
"../../../Engine/Plugins/FX/Niagara/Content/Enums/ENiagara_EmitterStateOptions.uasset" 687
"../../../Engine/Plugins/FX/Niagara/Content/Enums/ENiagara_EmitterStateOptions.uexp" 688
"../../../Engine/Plugins/FX/Niagara/Content/Enums/ENiagara_InfiniteLoopDuration.uasset" 689
"../../../Engine/Plugins/FX/Niagara/Content/Enums/ENiagara_InfiniteLoopDuration.uexp" 690
"../../../Engine/Plugins/FX/Niagara/Content/Enums/ENiagaraEmitterLifeCycleMode.uasset" 691
"../../../Engine/Plugins/FX/Niagara/Content/Enums/ENiagaraEmitterLifeCycleMode.uexp" 692
"../../../Engine/Plugins/FX/Niagara/Content/Enums/ENiagaraEmitterScalabilityMode_Limited.uasset" 693
"../../../Engine/Plugins/FX/Niagara/Content/Enums/ENiagaraEmitterScalabilityMode_Limited.uexp" 694
"../../../Engine/Plugins/FX/Niagara/Content/Enums/ENiagaraInactiveMode.uasset" 695
"../../../Engine/Plugins/FX/Niagara/Content/Enums/ENiagaraInactiveMode.uexp" 696
"../../../Engine/Plugins/FX/Niagara/Content/Modules/Emitter/EmitterState.uasset" 697
"../../../Engine/Plugins/FX/Niagara/Content/Modules/Emitter/EmitterState.uexp" 698
"../../../Engine/Plugins/FX/Niagara/Content/Enums/ENiagaraRandomnessEvaluation.uasset" 699
"../../../Engine/Plugins/FX/Niagara/Content/Enums/ENiagaraRandomnessEvaluation.uexp" 700
"../../../Engine/Plugins/FX/Niagara/Content/Enums/ENiagaraRandomnessMode.uasset" 701
"../../../Engine/Plugins/FX/Niagara/Content/Enums/ENiagaraRandomnessMode.uexp" 702
"../../../Engine/Plugins/FX/Niagara/Content/Functions/V2/CalculateRandomRangeFloat.uasset" 703
"../../../Engine/Plugins/FX/Niagara/Content/Functions/V2/CalculateRandomRangeFloat.uexp" 704
"../../../Engine/Plugins/FX/Niagara/Content/Modules/Emitter/SpawnBurst_Instantaneous.uasset" 705
"../../../Engine/Plugins/FX/Niagara/Content/Modules/Emitter/SpawnBurst_Instantaneous.uexp" 706
"../../../Engine/Plugins/FX/Niagara/Content/Enums/ENiagaraChannelCorrelation.uasset" 707
"../../../Engine/Plugins/FX/Niagara/Content/Enums/ENiagaraChannelCorrelation.uexp" 708
"../../../Engine/Plugins/FX/Niagara/Content/Functions/DirectionAndLengthSafe.uasset" 709
"../../../Engine/Plugins/FX/Niagara/Content/Functions/DirectionAndLengthSafe.uexp" 710
"../../../Engine/Plugins/FX/Niagara/Content/Functions/Localspace/SimulationPosition.uasset" 711
"../../../Engine/Plugins/FX/Niagara/Content/Functions/Localspace/SimulationPosition.uexp" 712
"../../../Engine/Plugins/FX/Niagara/Content/Modules/Solvers/SolveForcesAndVelocity.uasset" 713
"../../../Engine/Plugins/FX/Niagara/Content/Modules/Solvers/SolveForcesAndVelocity.uexp" 714
"../../../Engine/Plugins/FX/Niagara/Content/Functions/Rotation/MultiplyQuaternion.uasset" 715
"../../../Engine/Plugins/FX/Niagara/Content/Functions/Rotation/MultiplyQuaternion.uexp" 716
"../../../Engine/Plugins/FX/Niagara/Content/Functions/Rotation/AxisAngleToQuaternion.uasset" 717
"../../../Engine/Plugins/FX/Niagara/Content/Functions/Rotation/AxisAngleToQuaternion.uexp" 718
"../../../Engine/Plugins/FX/Niagara/Content/Modules/Solvers/ApplyRotationVector.uasset" 719
"../../../Engine/Plugins/FX/Niagara/Content/Modules/Solvers/ApplyRotationVector.uexp" 720
"../../../Engine/Plugins/FX/Niagara/Content/Modules/Solvers/SolveRotationalForcesAndVelocity.uasset" 721
"../../../Engine/Plugins/FX/Niagara/Content/Modules/Solvers/SolveRotationalForcesAndVelocity.uexp" 722
"../../../Engine/Plugins/FX/Niagara/Content/Functions/V2/CalculateRandomRangeInteger.uasset" 723
"../../../Engine/Plugins/FX/Niagara/Content/Functions/V2/CalculateRandomRangeInteger.uexp" 724
"../../../Engine/Plugins/FX/Niagara/Content/Functions/V2/CalculateRandomBool.uasset" 725
"../../../Engine/Plugins/FX/Niagara/Content/Functions/V2/CalculateRandomBool.uexp" 726
"../../../Engine/Plugins/FX/Niagara/Content/Functions/Localspace/TransformBase.uasset" 727
"../../../Engine/Plugins/FX/Niagara/Content/Functions/Localspace/TransformBase.uexp" 728
"../../../Engine/Plugins/FX/Niagara/Content/Functions/Localspace/TransformVector.uasset" 729
"../../../Engine/Plugins/FX/Niagara/Content/Functions/Localspace/TransformVector.uexp" 730
"../../../Engine/Plugins/FX/Niagara/Content/Functions/LinearColor/HueShiftLinearColor.uasset" 731
"../../../Engine/Plugins/FX/Niagara/Content/Functions/LinearColor/HueShiftLinearColor.uexp" 732
"../../../Engine/Plugins/FX/Niagara/Content/Functions/V2/CalculateRandomRange.uasset" 733
"../../../Engine/Plugins/FX/Niagara/Content/Functions/V2/CalculateRandomRange.uexp" 734
"../../../Engine/Plugins/FX/Niagara/Content/Enums/ENiagara_ColorInitializationMode.uasset" 735
"../../../Engine/Plugins/FX/Niagara/Content/Enums/ENiagara_ColorInitializationMode.uexp" 736
"../../../Engine/Plugins/FX/Niagara/Content/Enums/ENiagara_LifetimeMode.uasset" 737
"../../../Engine/Plugins/FX/Niagara/Content/Enums/ENiagara_LifetimeMode.uexp" 738
"../../../Engine/Plugins/FX/Niagara/Content/Enums/ENiagara_MassInitializationMode.uasset" 739
"../../../Engine/Plugins/FX/Niagara/Content/Enums/ENiagara_MassInitializationMode.uexp" 740
"../../../Engine/Plugins/FX/Niagara/Content/Enums/ENiagara_PositionInitializationMode.uasset" 741
"../../../Engine/Plugins/FX/Niagara/Content/Enums/ENiagara_PositionInitializationMode.uexp" 742
"../../../Engine/Plugins/FX/Niagara/Content/Enums/ENiagara_SizeScaleMode.uasset" 743
"../../../Engine/Plugins/FX/Niagara/Content/Enums/ENiagara_SizeScaleMode.uexp" 744
"../../../Engine/Plugins/FX/Niagara/Content/Enums/ENiagara_SpriteRotationMode.uasset" 745
"../../../Engine/Plugins/FX/Niagara/Content/Enums/ENiagara_SpriteRotationMode.uexp" 746
"../../../Engine/Plugins/FX/Niagara/Content/Enums/ENiagara_UVFlippingMode.uasset" 747
"../../../Engine/Plugins/FX/Niagara/Content/Enums/ENiagara_UVFlippingMode.uexp" 748
"../../../Engine/Plugins/FX/Niagara/Content/Enums/Ribbons/ENiagara_UnsetDirectSetRandom.uasset" 749
"../../../Engine/Plugins/FX/Niagara/Content/Enums/Ribbons/ENiagara_UnsetDirectSetRandom.uexp" 750
"../../../Engine/Plugins/FX/Niagara/Content/Modules/Spawn/Initialization/V2/InitializeParticle.uasset" 751
"../../../Engine/Plugins/FX/Niagara/Content/Modules/Spawn/Initialization/V2/InitializeParticle.uexp" 752
"../../../Engine/Plugins/FX/Niagara/Content/Functions/V2/CalculateRandomPointInSphere.uasset" 753
"../../../Engine/Plugins/FX/Niagara/Content/Functions/V2/CalculateRandomPointInSphere.uexp" 754
"../../../Engine/Plugins/FX/Niagara/Content/Functions/SphericalToCartesianCoordinates.uasset" 755
"../../../Engine/Plugins/FX/Niagara/Content/Functions/SphericalToCartesianCoordinates.uexp" 756
"../../../Engine/Plugins/FX/Niagara/Content/Functions/Rotation/MultiplyVectorWithQuaternion.uasset" 757
"../../../Engine/Plugins/FX/Niagara/Content/Functions/Rotation/MultiplyVectorWithQuaternion.uexp" 758
"../../../Engine/Plugins/FX/Niagara/Content/Functions/Rotation/FindQuatBetween.uasset" 759
"../../../Engine/Plugins/FX/Niagara/Content/Functions/Rotation/FindQuatBetween.uexp" 760
"../../../Engine/Plugins/FX/Niagara/Content/Enums/ENiagaraExpansionMode.uasset" 761
"../../../Engine/Plugins/FX/Niagara/Content/Enums/ENiagaraExpansionMode.uexp" 762
"../../../Engine/Plugins/FX/Niagara/Content/Enums/ENiagaraSphereDistributionMode.uasset" 763
"../../../Engine/Plugins/FX/Niagara/Content/Enums/ENiagaraSphereDistributionMode.uexp" 764
"../../../Engine/Plugins/FX/Niagara/Content/Modules/Spawn/Location/V2/SphereLocation.uasset" 765
"../../../Engine/Plugins/FX/Niagara/Content/Modules/Spawn/Location/V2/SphereLocation.uexp" 766
"../../../Engine/Plugins/FX/Niagara/Content/Functions/GetRandomInfo.uasset" 767
"../../../Engine/Plugins/FX/Niagara/Content/Functions/GetRandomInfo.uexp" 768
"../../../Engine/Plugins/FX/Niagara/Content/Functions/RandomRangeFloat.uasset" 769
"../../../Engine/Plugins/FX/Niagara/Content/Functions/RandomRangeFloat.uexp" 770
"../../../Engine/Plugins/FX/Niagara/Content/Modules/Emitter/SpawnRate.uasset" 771
"../../../Engine/Plugins/FX/Niagara/Content/Modules/Emitter/SpawnRate.uexp" 772
"../../../Engine/Plugins/FX/Niagara/Content/Modules/Spawn/Velocity/AddVelocity.uasset" 773
"../../../Engine/Plugins/FX/Niagara/Content/Modules/Spawn/Velocity/AddVelocity.uexp" 774
"../../../Engine/Plugins/FX/Niagara/Content/Functions/System/SystemChangeState.uasset" 775
"../../../Engine/Plugins/FX/Niagara/Content/Functions/System/SystemChangeState.uexp" 776
"../../../Engine/Plugins/FX/Niagara/Content/Enums/ENiagaraSystemInactiveMode.uasset" 777
"../../../Engine/Plugins/FX/Niagara/Content/Enums/ENiagaraSystemInactiveMode.uexp" 778
"../../../Engine/Plugins/FX/Niagara/Content/Modules/System/SystemState.uasset" 779
"../../../Engine/Plugins/FX/Niagara/Content/Modules/System/SystemState.uexp" 780
"../../../Engine/Plugins/FX/Niagara/Content/Modules/Update/Forces/Drag.uasset" 781
"../../../Engine/Plugins/FX/Niagara/Content/Modules/Update/Forces/Drag.uexp" 782
"../../../Engine/Plugins/FX/Niagara/Content/Modules/Update/Lifetime/ParticleState.uasset" 783
"../../../Engine/Plugins/FX/Niagara/Content/Modules/Update/Lifetime/ParticleState.uexp" 784
"D:/FlyshipProject/Content/AirCraft/Blueprints/Effects/P_Distortion.uasset" 785
"D:/FlyshipProject/Content/AirCraft/Blueprints/Effects/P_Distortion.uexp" 786
"D:/FlyshipProject/Content/AirCraft/Blueprints/Sounds/A-10/a-10-thunderbolt-maximum-rpm.uasset" 787
"D:/FlyshipProject/Content/AirCraft/Blueprints/Sounds/A-10/a-10-thunderbolt-maximum-rpm.uexp" 788
"D:/FlyshipProject/Content/AirCraft/Blueprints/Sounds/Master_SoundClass.uasset" 789
"D:/FlyshipProject/Content/AirCraft/Blueprints/Sounds/Master_SoundClass.uexp" 790
"D:/FlyshipProject/Content/AirCraft/Blueprints/Sounds/SFX_SoundClass.uasset" 791
"D:/FlyshipProject/Content/AirCraft/Blueprints/Sounds/SFX_SoundClass.uexp" 792
"D:/FlyshipProject/Content/AirCraft/Blueprints/Sounds/A-10/EngineA10_Cue.uasset" 793
"D:/FlyshipProject/Content/AirCraft/Blueprints/Sounds/A-10/EngineA10_Cue.uexp" 794
"D:/FlyshipProject/Content/AirCraft/Blueprints/Sounds/CabinClassMix.uasset" 795
"D:/FlyshipProject/Content/AirCraft/Blueprints/Sounds/CabinClassMix.uexp" 796
"D:/FlyshipProject/Content/VigilanteContent/Vehicles/West_Attack_A10/PHYS_West_Attack_A10_V2.uasset" 797
"D:/FlyshipProject/Content/VigilanteContent/Vehicles/West_Attack_A10/PHYS_West_Attack_A10_V2.uexp" 798
"D:/FlyshipProject/Content/VigilanteContent/Vehicles/West_Attack_A10/Materials/Textures/T_West_Attack_A10_N.uasset" 799
"D:/FlyshipProject/Content/VigilanteContent/Vehicles/West_Attack_A10/Materials/Textures/T_West_Attack_A10_N.uexp" 800
"D:/FlyshipProject/Content/VigilanteContent/Vehicles/West_Attack_A10/Materials/Textures/T_West_Attack_A10_N.ubulk" 801
"D:/FlyshipProject/Content/VigilanteContent/Vehicles/West_Attack_A10/Materials/Textures/T_West_Attack_A10_E.uasset" 802
"D:/FlyshipProject/Content/VigilanteContent/Vehicles/West_Attack_A10/Materials/Textures/T_West_Attack_A10_E.uexp" 803
"D:/FlyshipProject/Content/VigilanteContent/Vehicles/West_Attack_A10/Materials/Textures/T_West_Attack_A10_E.ubulk" 804
"D:/FlyshipProject/Content/VigilanteContent/Vehicles/West_Attack_A10/Materials/Textures/T_West_Attack_A10_D.uasset" 805
"D:/FlyshipProject/Content/VigilanteContent/Vehicles/West_Attack_A10/Materials/Textures/T_West_Attack_A10_D.uexp" 806
"D:/FlyshipProject/Content/VigilanteContent/Vehicles/West_Attack_A10/Materials/Textures/T_West_Attack_A10_D.ubulk" 807
"D:/FlyshipProject/Content/VigilanteContent/Vehicles/West_Attack_A10/Materials/Textures/T_West_Attack_A10_ARM.uasset" 808
"D:/FlyshipProject/Content/VigilanteContent/Vehicles/West_Attack_A10/Materials/Textures/T_West_Attack_A10_ARM.uexp" 809
"D:/FlyshipProject/Content/VigilanteContent/Vehicles/West_Attack_A10/Materials/Textures/T_West_Attack_A10_ARM.ubulk" 810
"../../../Engine/Content/EngineMaterials/T_Default_Normal.uasset" 811
"../../../Engine/Content/EngineMaterials/T_Default_Normal.uexp" 812
"../../../Engine/Content/EngineMaterials/T_Default_Normal.ubulk" 813
"../../../Engine/Content/EngineMaterials/T_Default_BaseColor.uasset" 814
"../../../Engine/Content/EngineMaterials/T_Default_BaseColor.uexp" 815
"../../../Engine/Content/EngineMaterials/T_Default_BaseColor.ubulk" 816
"D:/FlyshipProject/Content/VigilanteContent/Shared/Materials/M_Master_Main.uasset" 817
"D:/FlyshipProject/Content/VigilanteContent/Shared/Materials/M_Master_Main.uexp" 818
"D:/FlyshipProject/Content/VigilanteContent/Vehicles/West_Attack_A10/Materials/MI_West_Attack_A10_Main.uasset" 819
"D:/FlyshipProject/Content/VigilanteContent/Vehicles/West_Attack_A10/Materials/MI_West_Attack_A10_Main.uexp" 820
"D:/FlyshipProject/Content/VigilanteContent/Vehicles/West_Attack_A10/Materials/Textures/T_West_Attack_A10_Glass_N.uasset" 821
"D:/FlyshipProject/Content/VigilanteContent/Vehicles/West_Attack_A10/Materials/Textures/T_West_Attack_A10_Glass_N.uexp" 822
"D:/FlyshipProject/Content/VigilanteContent/Vehicles/West_Attack_A10/Materials/Textures/T_West_Attack_A10_Glass_N.ubulk" 823
"D:/FlyshipProject/Content/VigilanteContent/Vehicles/West_Attack_A10/Materials/Textures/T_West_Attack_A10_Glass_D.uasset" 824
"D:/FlyshipProject/Content/VigilanteContent/Vehicles/West_Attack_A10/Materials/Textures/T_West_Attack_A10_Glass_D.uexp" 825
"D:/FlyshipProject/Content/VigilanteContent/Vehicles/West_Attack_A10/Materials/Textures/T_West_Attack_A10_Glass_D.ubulk" 826
"D:/FlyshipProject/Content/VigilanteContent/Vehicles/West_Attack_A10/Materials/Textures/T_West_Attack_A10_Glass_ARM.uasset" 827
"D:/FlyshipProject/Content/VigilanteContent/Vehicles/West_Attack_A10/Materials/Textures/T_West_Attack_A10_Glass_ARM.uexp" 828
"D:/FlyshipProject/Content/VigilanteContent/Vehicles/West_Attack_A10/Materials/Textures/T_West_Attack_A10_Glass_ARM.ubulk" 829
"../../../Engine/Content/Functions/Engine_MaterialFunctions01/Texturing/FlattenNormal.uasset" 830
"../../../Engine/Content/Functions/Engine_MaterialFunctions01/Texturing/FlattenNormal.uexp" 831
"D:/FlyshipProject/Content/VigilanteContent/Shared/Materials/M_Master_Glass_ARM_N.uasset" 832
"D:/FlyshipProject/Content/VigilanteContent/Shared/Materials/M_Master_Glass_ARM_N.uexp" 833
"D:/FlyshipProject/Content/VigilanteContent/Vehicles/West_Attack_A10/Materials/MI_West_Attack_A10_Glass.uasset" 834
"D:/FlyshipProject/Content/VigilanteContent/Vehicles/West_Attack_A10/Materials/MI_West_Attack_A10_Glass.uexp" 835
"D:/FlyshipProject/Content/VigilanteContent/Vehicles/West_Attack_A10/PHYS_West_Attack_A10.uasset" 836
"D:/FlyshipProject/Content/VigilanteContent/Vehicles/West_Attack_A10/PHYS_West_Attack_A10.uexp" 837
"D:/FlyshipProject/Content/VigilanteContent/Vehicles/West_Attack_A10/SK_West_Attack_A10.uasset" 838
"D:/FlyshipProject/Content/VigilanteContent/Vehicles/West_Attack_A10/SK_West_Attack_A10.uexp" 839
"D:/FlyshipProject/Content/AirCraft/Blueprints/Wheels/BP_A10_Wheel.uasset" 840
"D:/FlyshipProject/Content/AirCraft/Blueprints/Wheels/BP_A10_Wheel.uexp" 841
"D:/FlyshipProject/Content/AirCraft/Blueprints/Aircrafts/BP_SurfaceWind.uasset" 842
"D:/FlyshipProject/Content/AirCraft/Blueprints/Aircrafts/BP_SurfaceWind.uexp" 843
"D:/FlyshipProject/Content/AirCraft/Blueprints/Aircrafts/BP_A10.uasset" 844
"D:/FlyshipProject/Content/AirCraft/Blueprints/Aircrafts/BP_A10.uexp" 845
"D:/FlyshipProject/Content/AirCraft/Blueprints/Game/BP_MainGameState.uasset" 846
"D:/FlyshipProject/Content/AirCraft/Blueprints/Game/BP_MainGameState.uexp" 847
"D:/FlyshipProject/Content/AirCraft/Blueprints/Game/BP_MainPlayerState.uasset" 848
"D:/FlyshipProject/Content/AirCraft/Blueprints/Game/BP_MainPlayerState.uexp" 849
"D:/FlyshipProject/Content/AirCraft/Blueprints/Widgets/PlayerItem_Widget.uasset" 850
"D:/FlyshipProject/Content/AirCraft/Blueprints/Widgets/PlayerItem_Widget.uexp" 851
"D:/FlyshipProject/Content/AirCraft/Blueprints/Widgets/PlayerList_Widget.uasset" 852
"D:/FlyshipProject/Content/AirCraft/Blueprints/Widgets/PlayerList_Widget.uexp" 853
"D:/FlyshipProject/Content/AirCraft/Blueprints/Widgets/Options/OptionInputWidget.uasset" 854
"D:/FlyshipProject/Content/AirCraft/Blueprints/Widgets/Options/OptionInputWidget.uexp" 855
"D:/FlyshipProject/Content/AirCraft/Blueprints/Widgets/Options/OptionButtonItem_Widget.uasset" 856
"D:/FlyshipProject/Content/AirCraft/Blueprints/Widgets/Options/OptionButtonItem_Widget.uexp" 857
"D:/FlyshipProject/Content/AirCraft/Blueprints/Game/OptionStruct.uasset" 858
"D:/FlyshipProject/Content/AirCraft/Blueprints/Game/OptionStruct.uexp" 859
"D:/FlyshipProject/Content/AirCraft/Blueprints/Widgets/Options/OptionText_Widget.uasset" 860
"D:/FlyshipProject/Content/AirCraft/Blueprints/Widgets/Options/OptionText_Widget.uexp" 861
"D:/FlyshipProject/Content/AirCraft/Blueprints/Widgets/Options/OptionButtons_Widget.uasset" 862
"D:/FlyshipProject/Content/AirCraft/Blueprints/Widgets/Options/OptionButtons_Widget.uexp" 863
"D:/FlyshipProject/Content/AirCraft/Blueprints/Sounds/MainSoundMix.uasset" 864
"D:/FlyshipProject/Content/AirCraft/Blueprints/Sounds/MainSoundMix.uexp" 865
"D:/FlyshipProject/Content/AirCraft/Blueprints/Widgets/Options/SoundSliderInput.uasset" 866
"D:/FlyshipProject/Content/AirCraft/Blueprints/Widgets/Options/SoundSliderInput.uexp" 867
"D:/FlyshipProject/Content/AirCraft/Blueprints/Game/Options_DT.uasset" 868
"D:/FlyshipProject/Content/AirCraft/Blueprints/Game/Options_DT.uexp" 869
"D:/FlyshipProject/Content/AirCraft/Blueprints/Widgets/Options/OptionsMenu_Widget.uasset" 870
"D:/FlyshipProject/Content/AirCraft/Blueprints/Widgets/Options/OptionsMenu_Widget.uexp" 871
"D:/FlyshipProject/Content/AirCraft/Blueprints/Widgets/PauseMenu_Widget.uasset" 872
"D:/FlyshipProject/Content/AirCraft/Blueprints/Widgets/PauseMenu_Widget.uexp" 873
"D:/FlyshipProject/Content/AirCraft/Blueprints/Widgets/Indicators/VerticalSpeedIndicator_Widget.uasset" 874
"D:/FlyshipProject/Content/AirCraft/Blueprints/Widgets/Indicators/VerticalSpeedIndicator_Widget.uexp" 875
"D:/FlyshipProject/Content/AirCraft/Blueprints/Widgets/Images/TurnCoordinator/turn_markings_2.uasset" 876
"D:/FlyshipProject/Content/AirCraft/Blueprints/Widgets/Images/TurnCoordinator/turn_markings_2.uexp" 877
"D:/FlyshipProject/Content/AirCraft/Blueprints/Widgets/Images/TurnCoordinator/turn_markings_1.uasset" 878
"D:/FlyshipProject/Content/AirCraft/Blueprints/Widgets/Images/TurnCoordinator/turn_markings_1.uexp" 879
"D:/FlyshipProject/Content/AirCraft/Blueprints/Widgets/Images/TurnCoordinator/turn_ball_path.uasset" 880
"D:/FlyshipProject/Content/AirCraft/Blueprints/Widgets/Images/TurnCoordinator/turn_ball_path.uexp" 881
"D:/FlyshipProject/Content/AirCraft/Blueprints/Widgets/Images/TurnCoordinator/turn_ball.uasset" 882
"D:/FlyshipProject/Content/AirCraft/Blueprints/Widgets/Images/TurnCoordinator/turn_ball.uexp" 883
"D:/FlyshipProject/Content/AirCraft/Blueprints/Widgets/Images/TurnCoordinator/turn_airplane.uasset" 884
"D:/FlyshipProject/Content/AirCraft/Blueprints/Widgets/Images/TurnCoordinator/turn_airplane.uexp" 885
"D:/FlyshipProject/Content/AirCraft/Blueprints/Widgets/Indicators/TurnCoordinator_Widget.uasset" 886
"D:/FlyshipProject/Content/AirCraft/Blueprints/Widgets/Indicators/TurnCoordinator_Widget.uexp" 887
"D:/FlyshipProject/Content/AirCraft/Blueprints/Widgets/Indicators/IAS_Widget.uasset" 888
"D:/FlyshipProject/Content/AirCraft/Blueprints/Widgets/Indicators/IAS_Widget.uexp" 889
"D:/FlyshipProject/Content/AirCraft/Blueprints/Widgets/Images/Attitude/attitude_roll_2.uasset" 890
"D:/FlyshipProject/Content/AirCraft/Blueprints/Widgets/Images/Attitude/attitude_roll_2.uexp" 891
"D:/FlyshipProject/Content/AirCraft/Blueprints/Widgets/Images/Attitude/attitude_roll_1.uasset" 892
"D:/FlyshipProject/Content/AirCraft/Blueprints/Widgets/Images/Attitude/attitude_roll_1.uexp" 893
"D:/FlyshipProject/Content/AirCraft/Blueprints/Widgets/Images/Attitude/attitude_pitch.uasset" 894
"D:/FlyshipProject/Content/AirCraft/Blueprints/Widgets/Images/Attitude/attitude_pitch.uexp" 895
"D:/FlyshipProject/Content/AirCraft/Blueprints/Widgets/Images/Attitude/attitude_off_flag.uasset" 896
"D:/FlyshipProject/Content/AirCraft/Blueprints/Widgets/Images/Attitude/attitude_off_flag.uexp" 897
"D:/FlyshipProject/Content/AirCraft/Blueprints/Widgets/Images/Attitude/attitude_ils_markings.uasset" 898
"D:/FlyshipProject/Content/AirCraft/Blueprints/Widgets/Images/Attitude/attitude_ils_markings.uexp" 899
"D:/FlyshipProject/Content/AirCraft/Blueprints/Widgets/Images/Attitude/attitude_ils_localizer.uasset" 900
"D:/FlyshipProject/Content/AirCraft/Blueprints/Widgets/Images/Attitude/attitude_ils_localizer.uexp" 901
"D:/FlyshipProject/Content/AirCraft/Blueprints/Widgets/Images/Attitude/attitude_ils_glideslope.uasset" 902
"D:/FlyshipProject/Content/AirCraft/Blueprints/Widgets/Images/Attitude/attitude_ils_glideslope.uexp" 903
"D:/FlyshipProject/Content/AirCraft/Blueprints/Widgets/Images/Attitude/attitude_foreground_2.uasset" 904
"D:/FlyshipProject/Content/AirCraft/Blueprints/Widgets/Images/Attitude/attitude_foreground_2.uexp" 905
"D:/FlyshipProject/Content/AirCraft/Blueprints/Widgets/Images/Attitude/attitude_foreground_1.uasset" 906
"D:/FlyshipProject/Content/AirCraft/Blueprints/Widgets/Images/Attitude/attitude_foreground_1.uexp" 907
"D:/FlyshipProject/Content/AirCraft/Blueprints/Widgets/Indicators/Attitude_Widget.uasset" 908
"D:/FlyshipProject/Content/AirCraft/Blueprints/Widgets/Indicators/Attitude_Widget.uexp" 909
"D:/FlyshipProject/Content/AirCraft/Blueprints/Widgets/Images/Altimeter/altimeter_pressure_mbar.uasset" 910
"D:/FlyshipProject/Content/AirCraft/Blueprints/Widgets/Images/Altimeter/altimeter_pressure_mbar.uexp" 911
"D:/FlyshipProject/Content/AirCraft/Blueprints/Widgets/Images/Altimeter/altimeter_pressure_inhg.uasset" 912
"D:/FlyshipProject/Content/AirCraft/Blueprints/Widgets/Images/Altimeter/altimeter_pressure_inhg.uexp" 913
"D:/FlyshipProject/Content/AirCraft/Blueprints/Widgets/Images/Altimeter/altimeter_hand_100ft.uasset" 914
"D:/FlyshipProject/Content/AirCraft/Blueprints/Widgets/Images/Altimeter/altimeter_hand_100ft.uexp" 915
"D:/FlyshipProject/Content/AirCraft/Blueprints/Widgets/Images/Altimeter/altimeter_hand_1000ft.uasset" 916
"D:/FlyshipProject/Content/AirCraft/Blueprints/Widgets/Images/Altimeter/altimeter_hand_1000ft.uexp" 917
"D:/FlyshipProject/Content/AirCraft/Blueprints/Widgets/Images/Altimeter/altimeter_hand_10000ft.uasset" 918
"D:/FlyshipProject/Content/AirCraft/Blueprints/Widgets/Images/Altimeter/altimeter_hand_10000ft.uexp" 919
"D:/FlyshipProject/Content/AirCraft/Blueprints/Widgets/Images/Altimeter/altimeter_background.uasset" 920
"D:/FlyshipProject/Content/AirCraft/Blueprints/Widgets/Images/Altimeter/altimeter_background.uexp" 921
"D:/FlyshipProject/Content/AirCraft/Blueprints/Widgets/Indicators/Altimeter_Widget.uasset" 922
"D:/FlyshipProject/Content/AirCraft/Blueprints/Widgets/Indicators/Altimeter_Widget.uexp" 923
"D:/FlyshipProject/Content/AirCraft/Blueprints/Widgets/Control_Widget.uasset" 924
"D:/FlyshipProject/Content/AirCraft/Blueprints/Widgets/Control_Widget.uexp" 925
"D:/FlyshipProject/Content/AirCraft/Blueprints/Widgets/HUD_Widget.uasset" 926
"D:/FlyshipProject/Content/AirCraft/Blueprints/Widgets/HUD_Widget.uexp" 927
"D:/FlyshipProject/Content/AirCraft/Blueprints/Widgets/MainHUD.uasset" 928
"D:/FlyshipProject/Content/AirCraft/Blueprints/Widgets/MainHUD.uexp" 929
"D:/FlyshipProject/Content/AirCraft/Blueprints/Game/BP_MainGameMode.uasset" 930
"D:/FlyshipProject/Content/AirCraft/Blueprints/Game/BP_MainGameMode.uexp" 931
"D:/FlyshipProject/Content/AirCraft/Blueprints/Game/BP_MainPlayerController.uasset" 932
"D:/FlyshipProject/Content/AirCraft/Blueprints/Game/BP_MainPlayerController.uexp" 933
"D:/FlyshipProject/Content/AirCraft/Blueprints/Game/BP_A10GameMode.uasset" 934
"D:/FlyshipProject/Content/AirCraft/Blueprints/Game/BP_A10GameMode.uexp" 935
"D:/FlyshipProject/Content/AirCraft/Blueprints/Game/BPMainPlayerStart.uasset" 936
"D:/FlyshipProject/Content/AirCraft/Blueprints/Game/BPMainPlayerStart.uexp" 937
"D:/FlyshipProject/Content/AirCraft/Maps/FlatMap.uexp" 938
"D:/FlyshipProject/Content/AirCraft/Maps/FlatMap.ubulk" 939
"D:/FlyshipProject/Content/AirCraft/Maps/FlatMap.umap" 940
"../../../Engine/Content/Maps/Entry_BuiltData.uasset" 941
"../../../Engine/Content/Maps/Entry_BuiltData.uexp" 942
"../../../Engine/Content/Maps/Entry.uexp" 943
"../../../Engine/Content/Maps/Entry.umap" 944
